{"/Users/samdagreat/Documents/vibe coding/orca-srs-plugin/src/srs/algorithm.ts": {"path":"/Users/samdagreat/Documents/vibe coding/orca-srs-plugin/src/srs/algorithm.ts","statementMap":{"0":{"start":{"line":12,"column":20},"end":{"line":16,"column":null}},"1":{"start":{"line":19,"column":27},"end":{"line":33,"column":null}},"2":{"start":{"line":24,"column":42},"end":{"line":27,"column":null}},"3":{"start":{"line":29,"column":2},"end":{"line":31,"column":null}},"4":{"start":{"line":30,"column":4},"end":{"line":30,"column":null}},"5":{"start":{"line":32,"column":2},"end":{"line":32,"column":null}},"6":{"start":{"line":36,"column":6},"end":{"line":36,"column":null}},"7":{"start":{"line":39,"column":11},"end":{"line":39,"column":null}},"8":{"start":{"line":48,"column":32},"end":{"line":66,"column":null}},"9":{"start":{"line":54,"column":2},"end":{"line":60,"column":null}},"10":{"start":{"line":59,"column":4},"end":{"line":59,"column":null}},"11":{"start":{"line":62,"column":8},"end":{"line":62,"column":null}},"12":{"start":{"line":63,"column":2},"end":{"line":63,"column":null}},"13":{"start":{"line":64,"column":2},"end":{"line":64,"column":null}},"14":{"start":{"line":65,"column":2},"end":{"line":65,"column":null}},"15":{"start":{"line":73,"column":31},"end":{"line":82,"column":null}},"16":{"start":{"line":74,"column":2},"end":{"line":80,"column":null}},"17":{"start":{"line":75,"column":21},"end":{"line":75,"column":null}},"18":{"start":{"line":76,"column":23},"end":{"line":76,"column":null}},"19":{"start":{"line":77,"column":29},"end":{"line":77,"column":null}},"20":{"start":{"line":78,"column":28},"end":{"line":78,"column":null}},"21":{"start":{"line":79,"column":4},"end":{"line":79,"column":null}},"22":{"start":{"line":81,"column":2},"end":{"line":81,"column":null}},"23":{"start":{"line":84,"column":50},"end":{"line":89,"column":null}},"24":{"start":{"line":91,"column":20},"end":{"line":91,"column":null}},"25":{"start":{"line":91,"column":26},"end":{"line":91,"column":null}},"26":{"start":{"line":93,"column":19},"end":{"line":113,"column":null}},"27":{"start":{"line":94,"column":8},"end":{"line":94,"column":null}},"28":{"start":{"line":96,"column":2},"end":{"line":98,"column":null}},"29":{"start":{"line":97,"column":4},"end":{"line":97,"column":null}},"30":{"start":{"line":100,"column":2},"end":{"line":112,"column":null}},"31":{"start":{"line":115,"column":20},"end":{"line":125,"column":null}},"32":{"start":{"line":115,"column":98},"end":{"line":125,"column":null}},"33":{"start":{"line":127,"column":37},"end":{"line":130,"column":null}},"34":{"start":{"line":128,"column":8},"end":{"line":128,"column":null}},"35":{"start":{"line":129,"column":2},"end":{"line":129,"column":null}},"36":{"start":{"line":141,"column":30},"end":{"line":152,"column":null}},"37":{"start":{"line":145,"column":23},"end":{"line":145,"column":null}},"38":{"start":{"line":146,"column":24},"end":{"line":146,"column":null}},"39":{"start":{"line":148,"column":2},"end":{"line":151,"column":null}},"40":{"start":{"line":154,"column":31},"end":{"line":176,"column":null}},"41":{"start":{"line":160,"column":23},"end":{"line":160,"column":null}},"42":{"start":{"line":161,"column":19},"end":{"line":161,"column":null}},"43":{"start":{"line":162,"column":17},"end":{"line":162,"column":null}},"44":{"start":{"line":164,"column":30},"end":{"line":173,"column":null}},"45":{"start":{"line":175,"column":2},"end":{"line":175,"column":null}},"46":{"start":{"line":188,"column":32},"end":{"line":204,"column":null}},"47":{"start":{"line":193,"column":26},"end":{"line":193,"column":null}},"48":{"start":{"line":194,"column":17},"end":{"line":194,"column":null}},"49":{"start":{"line":196,"column":2},"end":{"line":201,"column":null}},"50":{"start":{"line":197,"column":22},"end":{"line":197,"column":null}},"51":{"start":{"line":199,"column":23},"end":{"line":199,"column":null}},"52":{"start":{"line":200,"column":4},"end":{"line":200,"column":null}},"53":{"start":{"line":203,"column":2},"end":{"line":203,"column":null}},"54":{"start":{"line":214,"column":30},"end":{"line":231,"column":null}},"55":{"start":{"line":215,"column":18},"end":{"line":215,"column":null}},"56":{"start":{"line":216,"column":16},"end":{"line":216,"column":null}},"57":{"start":{"line":217,"column":15},"end":{"line":217,"column":null}},"58":{"start":{"line":220,"column":2},"end":{"line":220,"column":null}},"59":{"start":{"line":220,"column":19},"end":{"line":220,"column":null}},"60":{"start":{"line":222,"column":2},"end":{"line":222,"column":null}},"61":{"start":{"line":222,"column":20},"end":{"line":222,"column":null}},"62":{"start":{"line":224,"column":2},"end":{"line":224,"column":null}},"63":{"start":{"line":224,"column":18},"end":{"line":224,"column":null}},"64":{"start":{"line":226,"column":2},"end":{"line":226,"column":null}},"65":{"start":{"line":226,"column":17},"end":{"line":226,"column":null}},"66":{"start":{"line":228,"column":2},"end":{"line":228,"column":null}},"67":{"start":{"line":228,"column":18},"end":{"line":228,"column":null}},"68":{"start":{"line":230,"column":2},"end":{"line":230,"column":null}},"69":{"start":{"line":239,"column":37},"end":{"line":257,"column":null}},"70":{"start":{"line":240,"column":18},"end":{"line":240,"column":null}},"71":{"start":{"line":241,"column":16},"end":{"line":241,"column":null}},"72":{"start":{"line":242,"column":15},"end":{"line":242,"column":null}},"73":{"start":{"line":245,"column":2},"end":{"line":245,"column":null}},"74":{"start":{"line":245,"column":19},"end":{"line":245,"column":null}},"75":{"start":{"line":247,"column":2},"end":{"line":247,"column":null}},"76":{"start":{"line":247,"column":20},"end":{"line":247,"column":null}},"77":{"start":{"line":249,"column":2},"end":{"line":249,"column":null}},"78":{"start":{"line":249,"column":18},"end":{"line":249,"column":null}},"79":{"start":{"line":251,"column":2},"end":{"line":251,"column":null}},"80":{"start":{"line":251,"column":17},"end":{"line":251,"column":null}},"81":{"start":{"line":253,"column":2},"end":{"line":253,"column":null}},"82":{"start":{"line":253,"column":18},"end":{"line":253,"column":null}},"83":{"start":{"line":255,"column":8},"end":{"line":255,"column":null}},"84":{"start":{"line":256,"column":2},"end":{"line":256,"column":null}},"85":{"start":{"line":265,"column":29},"end":{"line":269,"column":null}},"86":{"start":{"line":266,"column":16},"end":{"line":266,"column":null}},"87":{"start":{"line":267,"column":14},"end":{"line":267,"column":null}},"88":{"start":{"line":268,"column":2},"end":{"line":268,"column":null}},"89":{"start":{"line":279,"column":31},"end":{"line":293,"column":null}},"90":{"start":{"line":284,"column":26},"end":{"line":284,"column":null}},"91":{"start":{"line":285,"column":17},"end":{"line":285,"column":null}},"92":{"start":{"line":287,"column":2},"end":{"line":290,"column":null}},"93":{"start":{"line":288,"column":22},"end":{"line":288,"column":null}},"94":{"start":{"line":289,"column":4},"end":{"line":289,"column":null}},"95":{"start":{"line":292,"column":2},"end":{"line":292,"column":null}},"96":{"start":{"line":295,"column":27},"end":{"line":362,"column":null}},"97":{"start":{"line":296,"column":19},"end":{"line":296,"column":null}},"98":{"start":{"line":298,"column":87},"end":{"line":346,"column":null}},"99":{"start":{"line":348,"column":2},"end":{"line":361,"column":null}},"100":{"start":{"line":349,"column":27},"end":{"line":349,"column":null}},"101":{"start":{"line":350,"column":4},"end":{"line":360,"column":null}}},"fnMap":{"0":{"name":"(anonymous_0)","decl":{"start":{"line":19,"column":27},"end":{"line":19,"column":null}},"loc":{"start":{"line":23,"column":11},"end":{"line":33,"column":null}},"line":23},"1":{"name":"(anonymous_1)","decl":{"start":{"line":48,"column":32},"end":{"line":48,"column":null}},"loc":{"start":{"line":52,"column":11},"end":{"line":66,"column":null}},"line":52},"2":{"name":"(anonymous_2)","decl":{"start":{"line":73,"column":31},"end":{"line":73,"column":32}},"loc":{"start":{"line":73,"column":62},"end":{"line":82,"column":null}},"line":73},"3":{"name":"(anonymous_3)","decl":{"start":{"line":91,"column":20},"end":{"line":91,"column":26}},"loc":{"start":{"line":91,"column":26},"end":{"line":91,"column":null}},"line":91},"4":{"name":"(anonymous_4)","decl":{"start":{"line":93,"column":19},"end":{"line":93,"column":20}},"loc":{"start":{"line":93,"column":68},"end":{"line":113,"column":null}},"line":93},"5":{"name":"(anonymous_5)","decl":{"start":{"line":115,"column":20},"end":{"line":115,"column":21}},"loc":{"start":{"line":115,"column":98},"end":{"line":125,"column":null}},"line":115},"6":{"name":"(anonymous_6)","decl":{"start":{"line":127,"column":37},"end":{"line":127,"column":38}},"loc":{"start":{"line":127,"column":78},"end":{"line":130,"column":null}},"line":127},"7":{"name":"(anonymous_7)","decl":{"start":{"line":141,"column":30},"end":{"line":141,"column":null}},"loc":{"start":{"line":144,"column":15},"end":{"line":152,"column":null}},"line":144},"8":{"name":"(anonymous_8)","decl":{"start":{"line":154,"column":31},"end":{"line":154,"column":null}},"loc":{"start":{"line":159,"column":53},"end":{"line":176,"column":null}},"line":159},"9":{"name":"(anonymous_9)","decl":{"start":{"line":188,"column":32},"end":{"line":188,"column":null}},"loc":{"start":{"line":192,"column":28},"end":{"line":204,"column":null}},"line":192},"10":{"name":"(anonymous_10)","decl":{"start":{"line":214,"column":30},"end":{"line":214,"column":31}},"loc":{"start":{"line":214,"column":54},"end":{"line":231,"column":null}},"line":214},"11":{"name":"(anonymous_11)","decl":{"start":{"line":239,"column":37},"end":{"line":239,"column":38}},"loc":{"start":{"line":239,"column":61},"end":{"line":257,"column":null}},"line":239},"12":{"name":"(anonymous_12)","decl":{"start":{"line":265,"column":29},"end":{"line":265,"column":30}},"loc":{"start":{"line":265,"column":53},"end":{"line":269,"column":null}},"line":265},"13":{"name":"(anonymous_13)","decl":{"start":{"line":279,"column":31},"end":{"line":279,"column":null}},"loc":{"start":{"line":283,"column":26},"end":{"line":293,"column":null}},"line":283},"14":{"name":"(anonymous_14)","decl":{"start":{"line":295,"column":27},"end":{"line":295,"column":33}},"loc":{"start":{"line":295,"column":33},"end":{"line":362,"column":null}},"line":295}},"branchMap":{"0":{"loc":{"start":{"line":21,"column":2},"end":{"line":21,"column":null}},"type":"default-arg","locations":[{"start":{"line":21,"column":29},"end":{"line":21,"column":null}}],"line":21},"1":{"loc":{"start":{"line":22,"column":2},"end":{"line":22,"column":null}},"type":"default-arg","locations":[{"start":{"line":22,"column":28},"end":{"line":22,"column":null}}],"line":22},"2":{"loc":{"start":{"line":29,"column":2},"end":{"line":31,"column":null}},"type":"if","locations":[{"start":{"line":29,"column":2},"end":{"line":31,"column":null}},{"start":{},"end":{}}],"line":29},"3":{"loc":{"start":{"line":29,"column":6},"end":{"line":29,"column":39}},"type":"binary-expr","locations":[{"start":{"line":29,"column":6},"end":{"line":29,"column":17}},{"start":{"line":29,"column":17},"end":{"line":29,"column":39}}],"line":29},"4":{"loc":{"start":{"line":54,"column":2},"end":{"line":60,"column":null}},"type":"if","locations":[{"start":{"line":54,"column":2},"end":{"line":60,"column":null}},{"start":{},"end":{}}],"line":54},"5":{"loc":{"start":{"line":55,"column":4},"end":{"line":57,"column":null}},"type":"binary-expr","locations":[{"start":{"line":55,"column":4},"end":{"line":55,"column":null}},{"start":{"line":56,"column":4},"end":{"line":56,"column":null}},{"start":{"line":57,"column":4},"end":{"line":57,"column":null}}],"line":55},"6":{"loc":{"start":{"line":74,"column":2},"end":{"line":80,"column":null}},"type":"if","locations":[{"start":{"line":74,"column":2},"end":{"line":80,"column":null}},{"start":{},"end":{}}],"line":74},"7":{"loc":{"start":{"line":76,"column":23},"end":{"line":76,"column":null}},"type":"binary-expr","locations":[{"start":{"line":76,"column":23},"end":{"line":76,"column":59}},{"start":{"line":76,"column":59},"end":{"line":76,"column":null}}],"line":76},"8":{"loc":{"start":{"line":77,"column":29},"end":{"line":77,"column":null}},"type":"binary-expr","locations":[{"start":{"line":77,"column":29},"end":{"line":77,"column":74}},{"start":{"line":77,"column":74},"end":{"line":77,"column":null}}],"line":77},"9":{"loc":{"start":{"line":78,"column":28},"end":{"line":78,"column":null}},"type":"binary-expr","locations":[{"start":{"line":78,"column":28},"end":{"line":78,"column":72}},{"start":{"line":78,"column":72},"end":{"line":78,"column":null}}],"line":78},"10":{"loc":{"start":{"line":96,"column":2},"end":{"line":98,"column":null}},"type":"if","locations":[{"start":{"line":96,"column":2},"end":{"line":98,"column":null}},{"start":{},"end":{}}],"line":96},"11":{"loc":{"start":{"line":102,"column":15},"end":{"line":102,"column":null}},"type":"binary-expr","locations":[{"start":{"line":102,"column":15},"end":{"line":102,"column":38}},{"start":{"line":102,"column":38},"end":{"line":102,"column":null}}],"line":102},"12":{"loc":{"start":{"line":103,"column":16},"end":{"line":103,"column":null}},"type":"binary-expr","locations":[{"start":{"line":103,"column":16},"end":{"line":103,"column":40}},{"start":{"line":103,"column":40},"end":{"line":103,"column":null}}],"line":103},"13":{"loc":{"start":{"line":104,"column":9},"end":{"line":104,"column":null}},"type":"binary-expr","locations":[{"start":{"line":104,"column":9},"end":{"line":104,"column":26}},{"start":{"line":104,"column":26},"end":{"line":104,"column":null}}],"line":104},"14":{"loc":{"start":{"line":105,"column":17},"end":{"line":105,"column":null}},"type":"binary-expr","locations":[{"start":{"line":105,"column":17},"end":{"line":105,"column":43}},{"start":{"line":105,"column":43},"end":{"line":105,"column":null}}],"line":105},"15":{"loc":{"start":{"line":106,"column":20},"end":{"line":106,"column":null}},"type":"binary-expr","locations":[{"start":{"line":106,"column":20},"end":{"line":106,"column":42}},{"start":{"line":106,"column":42},"end":{"line":106,"column":null}}],"line":106},"16":{"loc":{"start":{"line":107,"column":10},"end":{"line":107,"column":null}},"type":"binary-expr","locations":[{"start":{"line":107,"column":10},"end":{"line":107,"column":28}},{"start":{"line":107,"column":28},"end":{"line":107,"column":null}}],"line":107},"17":{"loc":{"start":{"line":108,"column":12},"end":{"line":108,"column":null}},"type":"binary-expr","locations":[{"start":{"line":108,"column":12},"end":{"line":108,"column":32}},{"start":{"line":108,"column":32},"end":{"line":108,"column":null}}],"line":108},"18":{"loc":{"start":{"line":111,"column":11},"end":{"line":111,"column":null}},"type":"binary-expr","locations":[{"start":{"line":111,"column":11},"end":{"line":111,"column":31}},{"start":{"line":111,"column":31},"end":{"line":111,"column":null}}],"line":111},"19":{"loc":{"start":{"line":111,"column":31},"end":{"line":111,"column":null}},"type":"cond-expr","locations":[{"start":{"line":111,"column":52},"end":{"line":111,"column":67}},{"start":{"line":111,"column":67},"end":{"line":111,"column":null}}],"line":111},"20":{"loc":{"start":{"line":120,"column":16},"end":{"line":120,"column":null}},"type":"binary-expr","locations":[{"start":{"line":120,"column":16},"end":{"line":120,"column":31}},{"start":{"line":120,"column":31},"end":{"line":120,"column":51}},{"start":{"line":120,"column":51},"end":{"line":120,"column":null}}],"line":120},"21":{"loc":{"start":{"line":124,"column":10},"end":{"line":124,"column":null}},"type":"binary-expr","locations":[{"start":{"line":124,"column":10},"end":{"line":124,"column":20}},{"start":{"line":124,"column":20},"end":{"line":124,"column":null}}],"line":124},"22":{"loc":{"start":{"line":127,"column":38},"end":{"line":127,"column":78}},"type":"default-arg","locations":[{"start":{"line":127,"column":50},"end":{"line":127,"column":78}}],"line":127},"23":{"loc":{"start":{"line":143,"column":2},"end":{"line":143,"column":null}},"type":"default-arg","locations":[{"start":{"line":143,"column":14},"end":{"line":143,"column":null}}],"line":143},"24":{"loc":{"start":{"line":146,"column":24},"end":{"line":146,"column":null}},"type":"binary-expr","locations":[{"start":{"line":146,"column":24},"end":{"line":146,"column":45}},{"start":{"line":146,"column":45},"end":{"line":146,"column":null}}],"line":146},"25":{"loc":{"start":{"line":157,"column":2},"end":{"line":157,"column":null}},"type":"default-arg","locations":[{"start":{"line":157,"column":14},"end":{"line":157,"column":null}}],"line":157},"26":{"loc":{"start":{"line":190,"column":2},"end":{"line":190,"column":null}},"type":"default-arg","locations":[{"start":{"line":190,"column":14},"end":{"line":190,"column":null}}],"line":190},"27":{"loc":{"start":{"line":220,"column":2},"end":{"line":220,"column":null}},"type":"if","locations":[{"start":{"line":220,"column":2},"end":{"line":220,"column":null}},{"start":{},"end":{}}],"line":220},"28":{"loc":{"start":{"line":222,"column":2},"end":{"line":222,"column":null}},"type":"if","locations":[{"start":{"line":222,"column":2},"end":{"line":222,"column":null}},{"start":{},"end":{}}],"line":222},"29":{"loc":{"start":{"line":224,"column":2},"end":{"line":224,"column":null}},"type":"if","locations":[{"start":{"line":224,"column":2},"end":{"line":224,"column":null}},{"start":{},"end":{}}],"line":224},"30":{"loc":{"start":{"line":226,"column":2},"end":{"line":226,"column":null}},"type":"if","locations":[{"start":{"line":226,"column":2},"end":{"line":226,"column":null}},{"start":{},"end":{}}],"line":226},"31":{"loc":{"start":{"line":228,"column":2},"end":{"line":228,"column":null}},"type":"if","locations":[{"start":{"line":228,"column":2},"end":{"line":228,"column":null}},{"start":{},"end":{}}],"line":228},"32":{"loc":{"start":{"line":245,"column":2},"end":{"line":245,"column":null}},"type":"if","locations":[{"start":{"line":245,"column":2},"end":{"line":245,"column":null}},{"start":{},"end":{}}],"line":245},"33":{"loc":{"start":{"line":247,"column":2},"end":{"line":247,"column":null}},"type":"if","locations":[{"start":{"line":247,"column":2},"end":{"line":247,"column":null}},{"start":{},"end":{}}],"line":247},"34":{"loc":{"start":{"line":249,"column":2},"end":{"line":249,"column":null}},"type":"if","locations":[{"start":{"line":249,"column":2},"end":{"line":249,"column":null}},{"start":{},"end":{}}],"line":249},"35":{"loc":{"start":{"line":251,"column":2},"end":{"line":251,"column":null}},"type":"if","locations":[{"start":{"line":251,"column":2},"end":{"line":251,"column":null}},{"start":{},"end":{}}],"line":251},"36":{"loc":{"start":{"line":253,"column":2},"end":{"line":253,"column":null}},"type":"if","locations":[{"start":{"line":253,"column":2},"end":{"line":253,"column":null}},{"start":{},"end":{}}],"line":253},"37":{"loc":{"start":{"line":281,"column":2},"end":{"line":281,"column":null}},"type":"default-arg","locations":[{"start":{"line":281,"column":14},"end":{"line":281,"column":null}}],"line":281},"38":{"loc":{"start":{"line":352,"column":20},"end":{"line":352,"column":null}},"type":"binary-expr","locations":[{"start":{"line":352,"column":20},"end":{"line":352,"column":43}},{"start":{"line":352,"column":43},"end":{"line":352,"column":null}}],"line":352}},"s":{"0":3,"1":3,"2":3,"3":3,"4":3,"5":3,"6":3,"7":3,"8":3,"9":0,"10":0,"11":0,"12":0,"13":0,"14":0,"15":3,"16":0,"17":0,"18":0,"19":0,"20":0,"21":0,"22":0,"23":3,"24":3,"25":0,"26":3,"27":0,"28":0,"29":0,"30":0,"31":3,"32":375,"33":3,"34":375,"35":375,"36":3,"37":0,"38":0,"39":0,"40":3,"41":0,"42":0,"43":0,"44":0,"45":0,"46":3,"47":0,"48":0,"49":0,"50":0,"51":0,"52":0,"53":0,"54":3,"55":0,"56":0,"57":0,"58":0,"59":0,"60":0,"61":0,"62":0,"63":0,"64":0,"65":0,"66":0,"67":0,"68":0,"69":3,"70":0,"71":0,"72":0,"73":0,"74":0,"75":0,"76":0,"77":0,"78":0,"79":0,"80":0,"81":0,"82":0,"83":0,"84":0,"85":3,"86":0,"87":0,"88":0,"89":3,"90":0,"91":0,"92":0,"93":0,"94":0,"95":0,"96":3,"97":0,"98":0,"99":0,"100":0,"101":0},"f":{"0":3,"1":0,"2":0,"3":0,"4":0,"5":375,"6":375,"7":0,"8":0,"9":0,"10":0,"11":0,"12":0,"13":0,"14":0},"b":{"0":[3],"1":[3],"2":[3,0],"3":[3,3],"4":[0,0],"5":[0,0,0],"6":[0,0],"7":[0,0],"8":[0,0],"9":[0,0],"10":[0,0],"11":[0,0],"12":[0,0],"13":[0,0],"14":[0,0],"15":[0,0],"16":[0,0],"17":[0,0],"18":[0,0],"19":[0,0],"20":[375,375,375],"21":[375,375],"22":[375],"23":[0],"24":[0,0],"25":[0],"26":[0],"27":[0,0],"28":[0,0],"29":[0,0],"30":[0,0],"31":[0,0],"32":[0,0],"33":[0,0],"34":[0,0],"35":[0,0],"36":[0,0],"37":[0],"38":[0,0]},"meta":{"lastBranch":39,"lastFunction":15,"lastStatement":102,"seen":{"s:12:20:16:Infinity":0,"s:19:27:33:Infinity":1,"f:19:27:19:Infinity":0,"b:21:29:21:Infinity":0,"b:22:28:22:Infinity":1,"s:24:42:27:Infinity":2,"b:29:2:31:Infinity:undefined:undefined:undefined:undefined":2,"s:29:2:31:Infinity":3,"b:29:6:29:17:29:17:29:39":3,"s:30:4:30:Infinity":4,"s:32:2:32:Infinity":5,"s:36:6:36:Infinity":6,"s:39:11:39:Infinity":7,"s:48:32:66:Infinity":8,"f:48:32:48:Infinity":1,"b:54:2:60:Infinity:undefined:undefined:undefined:undefined":4,"s:54:2:60:Infinity":9,"b:55:4:55:Infinity:56:4:56:Infinity:57:4:57:Infinity":5,"s:59:4:59:Infinity":10,"s:62:8:62:Infinity":11,"s:63:2:63:Infinity":12,"s:64:2:64:Infinity":13,"s:65:2:65:Infinity":14,"s:73:31:82:Infinity":15,"f:73:31:73:32":2,"b:74:2:80:Infinity:undefined:undefined:undefined:undefined":6,"s:74:2:80:Infinity":16,"s:75:21:75:Infinity":17,"s:76:23:76:Infinity":18,"b:76:23:76:59:76:59:76:Infinity":7,"s:77:29:77:Infinity":19,"b:77:29:77:74:77:74:77:Infinity":8,"s:78:28:78:Infinity":20,"b:78:28:78:72:78:72:78:Infinity":9,"s:79:4:79:Infinity":21,"s:81:2:81:Infinity":22,"s:84:50:89:Infinity":23,"s:91:20:91:Infinity":24,"f:91:20:91:26":3,"s:91:26:91:Infinity":25,"s:93:19:113:Infinity":26,"f:93:19:93:20":4,"s:94:8:94:Infinity":27,"b:96:2:98:Infinity:undefined:undefined:undefined:undefined":10,"s:96:2:98:Infinity":28,"s:97:4:97:Infinity":29,"s:100:2:112:Infinity":30,"b:102:15:102:38:102:38:102:Infinity":11,"b:103:16:103:40:103:40:103:Infinity":12,"b:104:9:104:26:104:26:104:Infinity":13,"b:105:17:105:43:105:43:105:Infinity":14,"b:106:20:106:42:106:42:106:Infinity":15,"b:107:10:107:28:107:28:107:Infinity":16,"b:108:12:108:32:108:32:108:Infinity":17,"b:111:11:111:31:111:31:111:Infinity":18,"b:111:52:111:67:111:67:111:Infinity":19,"s:115:20:125:Infinity":31,"f:115:20:115:21":5,"s:115:98:125:Infinity":32,"b:120:16:120:31:120:31:120:51:120:51:120:Infinity":20,"b:124:10:124:20:124:20:124:Infinity":21,"s:127:37:130:Infinity":33,"f:127:37:127:38":6,"b:127:50:127:78":22,"s:128:8:128:Infinity":34,"s:129:2:129:Infinity":35,"s:141:30:152:Infinity":36,"f:141:30:141:Infinity":7,"b:143:14:143:Infinity":23,"s:145:23:145:Infinity":37,"s:146:24:146:Infinity":38,"b:146:24:146:45:146:45:146:Infinity":24,"s:148:2:151:Infinity":39,"s:154:31:176:Infinity":40,"f:154:31:154:Infinity":8,"b:157:14:157:Infinity":25,"s:160:23:160:Infinity":41,"s:161:19:161:Infinity":42,"s:162:17:162:Infinity":43,"s:164:30:173:Infinity":44,"s:175:2:175:Infinity":45,"s:188:32:204:Infinity":46,"f:188:32:188:Infinity":9,"b:190:14:190:Infinity":26,"s:193:26:193:Infinity":47,"s:194:17:194:Infinity":48,"s:196:2:201:Infinity":49,"s:197:22:197:Infinity":50,"s:199:23:199:Infinity":51,"s:200:4:200:Infinity":52,"s:203:2:203:Infinity":53,"s:214:30:231:Infinity":54,"f:214:30:214:31":10,"s:215:18:215:Infinity":55,"s:216:16:216:Infinity":56,"s:217:15:217:Infinity":57,"b:220:2:220:Infinity:undefined:undefined:undefined:undefined":27,"s:220:2:220:Infinity":58,"s:220:19:220:Infinity":59,"b:222:2:222:Infinity:undefined:undefined:undefined:undefined":28,"s:222:2:222:Infinity":60,"s:222:20:222:Infinity":61,"b:224:2:224:Infinity:undefined:undefined:undefined:undefined":29,"s:224:2:224:Infinity":62,"s:224:18:224:Infinity":63,"b:226:2:226:Infinity:undefined:undefined:undefined:undefined":30,"s:226:2:226:Infinity":64,"s:226:17:226:Infinity":65,"b:228:2:228:Infinity:undefined:undefined:undefined:undefined":31,"s:228:2:228:Infinity":66,"s:228:18:228:Infinity":67,"s:230:2:230:Infinity":68,"s:239:37:257:Infinity":69,"f:239:37:239:38":11,"s:240:18:240:Infinity":70,"s:241:16:241:Infinity":71,"s:242:15:242:Infinity":72,"b:245:2:245:Infinity:undefined:undefined:undefined:undefined":32,"s:245:2:245:Infinity":73,"s:245:19:245:Infinity":74,"b:247:2:247:Infinity:undefined:undefined:undefined:undefined":33,"s:247:2:247:Infinity":75,"s:247:20:247:Infinity":76,"b:249:2:249:Infinity:undefined:undefined:undefined:undefined":34,"s:249:2:249:Infinity":77,"s:249:18:249:Infinity":78,"b:251:2:251:Infinity:undefined:undefined:undefined:undefined":35,"s:251:2:251:Infinity":79,"s:251:17:251:Infinity":80,"b:253:2:253:Infinity:undefined:undefined:undefined:undefined":36,"s:253:2:253:Infinity":81,"s:253:18:253:Infinity":82,"s:255:8:255:Infinity":83,"s:256:2:256:Infinity":84,"s:265:29:269:Infinity":85,"f:265:29:265:30":12,"s:266:16:266:Infinity":86,"s:267:14:267:Infinity":87,"s:268:2:268:Infinity":88,"s:279:31:293:Infinity":89,"f:279:31:279:Infinity":13,"b:281:14:281:Infinity":37,"s:284:26:284:Infinity":90,"s:285:17:285:Infinity":91,"s:287:2:290:Infinity":92,"s:288:22:288:Infinity":93,"s:289:4:289:Infinity":94,"s:292:2:292:Infinity":95,"s:295:27:362:Infinity":96,"f:295:27:295:33":14,"s:296:19:296:Infinity":97,"s:298:87:346:Infinity":98,"s:348:2:361:Infinity":99,"s:349:27:349:Infinity":100,"s:350:4:360:Infinity":101,"b:352:20:352:43:352:43:352:Infinity":38}}}
,"/Users/samdagreat/Documents/vibe coding/orca-srs-plugin/src/srs/blockCardCollector.ts": {"path":"/Users/samdagreat/Documents/vibe coding/orca-srs-plugin/src/srs/blockCardCollector.ts","statementMap":{"0":{"start":{"line":23,"column":20},"end":{"line":23,"column":null}},"1":{"start":{"line":34,"column":2},"end":{"line":34,"column":null}},"2":{"start":{"line":34,"column":14},"end":{"line":34,"column":null}},"3":{"start":{"line":37,"column":23},"end":{"line":37,"column":null}},"4":{"start":{"line":37,"column":51},"end":{"line":37,"column":69}},"5":{"start":{"line":38,"column":2},"end":{"line":40,"column":null}},"6":{"start":{"line":39,"column":4},"end":{"line":39,"column":null}},"7":{"start":{"line":43,"column":2},"end":{"line":45,"column":null}},"8":{"start":{"line":44,"column":4},"end":{"line":44,"column":null}},"9":{"start":{"line":47,"column":2},"end":{"line":47,"column":null}},"10":{"start":{"line":59,"column":16},"end":{"line":59,"column":null}},"11":{"start":{"line":61,"column":2},"end":{"line":64,"column":null}},"12":{"start":{"line":62,"column":4},"end":{"line":62,"column":null}},"13":{"start":{"line":63,"column":4},"end":{"line":63,"column":null}},"14":{"start":{"line":67,"column":23},"end":{"line":67,"column":null}},"15":{"start":{"line":67,"column":51},"end":{"line":67,"column":69}},"16":{"start":{"line":68,"column":15},"end":{"line":68,"column":null}},"17":{"start":{"line":70,"column":2},"end":{"line":73,"column":null}},"18":{"start":{"line":71,"column":4},"end":{"line":71,"column":null}},"19":{"start":{"line":72,"column":4},"end":{"line":72,"column":null}},"20":{"start":{"line":75,"column":2},"end":{"line":78,"column":null}},"21":{"start":{"line":76,"column":4},"end":{"line":76,"column":null}},"22":{"start":{"line":77,"column":4},"end":{"line":77,"column":null}},"23":{"start":{"line":80,"column":2},"end":{"line":80,"column":null}},"24":{"start":{"line":82,"column":2},"end":{"line":96,"column":null}},"25":{"start":{"line":84,"column":25},"end":{"line":84,"column":null}},"26":{"start":{"line":86,"column":4},"end":{"line":89,"column":null}},"27":{"start":{"line":87,"column":6},"end":{"line":87,"column":null}},"28":{"start":{"line":88,"column":6},"end":{"line":88,"column":null}},"29":{"start":{"line":91,"column":4},"end":{"line":91,"column":null}},"30":{"start":{"line":92,"column":4},"end":{"line":92,"column":null}},"31":{"start":{"line":94,"column":4},"end":{"line":94,"column":null}},"32":{"start":{"line":95,"column":4},"end":{"line":95,"column":null}},"33":{"start":{"line":107,"column":25},"end":{"line":107,"column":null}},"34":{"start":{"line":108,"column":18},"end":{"line":108,"column":null}},"35":{"start":{"line":111,"column":4},"end":{"line":111,"column":null}},"36":{"start":{"line":111,"column":25},"end":{"line":111,"column":null}},"37":{"start":{"line":112,"column":4},"end":{"line":112,"column":null}},"38":{"start":{"line":115,"column":16},"end":{"line":115,"column":null}},"39":{"start":{"line":116,"column":4},"end":{"line":118,"column":null}},"40":{"start":{"line":117,"column":6},"end":{"line":117,"column":null}},"41":{"start":{"line":120,"column":4},"end":{"line":122,"column":null}},"42":{"start":{"line":121,"column":6},"end":{"line":121,"column":null}},"43":{"start":{"line":125,"column":4},"end":{"line":128,"column":null}},"44":{"start":{"line":126,"column":6},"end":{"line":126,"column":null}},"45":{"start":{"line":127,"column":6},"end":{"line":127,"column":null}},"46":{"start":{"line":131,"column":2},"end":{"line":131,"column":null}},"47":{"start":{"line":132,"column":2},"end":{"line":132,"column":null}},"48":{"start":{"line":143,"column":2},"end":{"line":143,"column":null}},"49":{"start":{"line":143,"column":47},"end":{"line":143,"column":null}},"50":{"start":{"line":144,"column":2},"end":{"line":144,"column":null}},"51":{"start":{"line":144,"column":32},"end":{"line":144,"column":70}},"52":{"start":{"line":153,"column":15},"end":{"line":153,"column":null}},"53":{"start":{"line":154,"column":2},"end":{"line":154,"column":null}},"54":{"start":{"line":154,"column":25},"end":{"line":154,"column":null}},"55":{"start":{"line":156,"column":26},"end":{"line":156,"column":null}},"56":{"start":{"line":157,"column":23},"end":{"line":157,"column":null}},"57":{"start":{"line":159,"column":2},"end":{"line":177,"column":null}},"58":{"start":{"line":161,"column":4},"end":{"line":161,"column":null}},"59":{"start":{"line":161,"column":24},"end":{"line":161,"column":null}},"60":{"start":{"line":163,"column":10},"end":{"line":163,"column":null}},"61":{"start":{"line":164,"column":4},"end":{"line":164,"column":null}},"62":{"start":{"line":164,"column":15},"end":{"line":164,"column":null}},"63":{"start":{"line":167,"column":23},"end":{"line":167,"column":null}},"64":{"start":{"line":168,"column":4},"end":{"line":168,"column":null}},"65":{"start":{"line":168,"column":65},"end":{"line":168,"column":null}},"66":{"start":{"line":170,"column":4},"end":{"line":170,"column":null}},"67":{"start":{"line":170,"column":34},"end":{"line":170,"column":null}},"68":{"start":{"line":171,"column":4},"end":{"line":171,"column":null}},"69":{"start":{"line":173,"column":4},"end":{"line":176,"column":null}},"70":{"start":{"line":179,"column":2},"end":{"line":179,"column":null}},"71":{"start":{"line":183,"column":16},"end":{"line":183,"column":null}},"72":{"start":{"line":184,"column":2},"end":{"line":184,"column":null}},"73":{"start":{"line":185,"column":2},"end":{"line":185,"column":null}},"74":{"start":{"line":189,"column":19},"end":{"line":189,"column":null}},"75":{"start":{"line":190,"column":2},"end":{"line":190,"column":null}},"76":{"start":{"line":191,"column":2},"end":{"line":191,"column":null}},"77":{"start":{"line":208,"column":30},"end":{"line":208,"column":null}},"78":{"start":{"line":210,"column":2},"end":{"line":212,"column":null}},"79":{"start":{"line":211,"column":4},"end":{"line":211,"column":null}},"80":{"start":{"line":215,"column":8},"end":{"line":215,"column":null}},"81":{"start":{"line":216,"column":2},"end":{"line":219,"column":null}},"82":{"start":{"line":217,"column":4},"end":{"line":217,"column":null}},"83":{"start":{"line":218,"column":4},"end":{"line":218,"column":null}},"84":{"start":{"line":222,"column":8},"end":{"line":222,"column":null}},"85":{"start":{"line":223,"column":19},"end":{"line":223,"column":null}},"86":{"start":{"line":224,"column":18},"end":{"line":224,"column":null}},"87":{"start":{"line":225,"column":24},"end":{"line":225,"column":null}},"88":{"start":{"line":226,"column":27},"end":{"line":226,"column":null}},"89":{"start":{"line":228,"column":2},"end":{"line":377,"column":null}},"90":{"start":{"line":230,"column":10},"end":{"line":230,"column":null}},"91":{"start":{"line":232,"column":4},"end":{"line":234,"column":null}},"92":{"start":{"line":233,"column":6},"end":{"line":233,"column":null}},"93":{"start":{"line":236,"column":4},"end":{"line":253,"column":null}},"94":{"start":{"line":237,"column":23},"end":{"line":237,"column":null}},"95":{"start":{"line":240,"column":20},"end":{"line":240,"column":null}},"96":{"start":{"line":242,"column":6},"end":{"line":252,"column":null}},"97":{"start":{"line":254,"column":2},"end":{"line":377,"column":null}},"98":{"start":{"line":256,"column":10},"end":{"line":256,"column":null}},"99":{"start":{"line":258,"column":4},"end":{"line":260,"column":null}},"100":{"start":{"line":259,"column":6},"end":{"line":259,"column":null}},"101":{"start":{"line":263,"column":4},"end":{"line":265,"column":null}},"102":{"start":{"line":264,"column":6},"end":{"line":264,"column":null}},"103":{"start":{"line":268,"column":10},"end":{"line":268,"column":null}},"104":{"start":{"line":270,"column":4},"end":{"line":289,"column":null}},"105":{"start":{"line":270,"column":17},"end":{"line":270,"column":20}},"106":{"start":{"line":271,"column":18},"end":{"line":271,"column":null}},"107":{"start":{"line":273,"column":23},"end":{"line":273,"column":null}},"108":{"start":{"line":276,"column":20},"end":{"line":276,"column":null}},"109":{"start":{"line":277,"column":19},"end":{"line":277,"column":null}},"110":{"start":{"line":279,"column":6},"end":{"line":288,"column":null}},"111":{"start":{"line":290,"column":2},"end":{"line":377,"column":null}},"112":{"start":{"line":292,"column":20},"end":{"line":292,"column":null}},"113":{"start":{"line":293,"column":21},"end":{"line":293,"column":null}},"114":{"start":{"line":295,"column":4},"end":{"line":303,"column":null}},"115":{"start":{"line":304,"column":2},"end":{"line":377,"column":null}},"116":{"start":{"line":306,"column":21},"end":{"line":306,"column":null}},"117":{"start":{"line":307,"column":4},"end":{"line":309,"column":null}},"118":{"start":{"line":308,"column":6},"end":{"line":308,"column":null}},"119":{"start":{"line":311,"column":19},"end":{"line":311,"column":null}},"120":{"start":{"line":312,"column":33},"end":{"line":312,"column":null}},"121":{"start":{"line":313,"column":47},"end":{"line":313,"column":null}},"122":{"start":{"line":315,"column":4},"end":{"line":325,"column":null}},"123":{"start":{"line":315,"column":17},"end":{"line":315,"column":20}},"124":{"start":{"line":316,"column":21},"end":{"line":316,"column":null}},"125":{"start":{"line":317,"column":25},"end":{"line":317,"column":null}},"126":{"start":{"line":318,"column":23},"end":{"line":318,"column":null}},"127":{"start":{"line":319,"column":6},"end":{"line":324,"column":null}},"128":{"start":{"line":320,"column":8},"end":{"line":320,"column":null}},"129":{"start":{"line":321,"column":8},"end":{"line":321,"column":null}},"130":{"start":{"line":322,"column":8},"end":{"line":322,"column":null}},"131":{"start":{"line":323,"column":8},"end":{"line":323,"column":null}},"132":{"start":{"line":327,"column":4},"end":{"line":329,"column":null}},"133":{"start":{"line":328,"column":6},"end":{"line":328,"column":null}},"134":{"start":{"line":331,"column":4},"end":{"line":342,"column":null}},"135":{"start":{"line":346,"column":24},"end":{"line":346,"column":null}},"136":{"start":{"line":348,"column":4},"end":{"line":376,"column":null}},"137":{"start":{"line":350,"column":22},"end":{"line":350,"column":null}},"138":{"start":{"line":351,"column":23},"end":{"line":351,"column":null}},"139":{"start":{"line":353,"column":6},"end":{"line":361,"column":null}},"140":{"start":{"line":364,"column":26},"end":{"line":364,"column":null}},"141":{"start":{"line":365,"column":23},"end":{"line":365,"column":null}},"142":{"start":{"line":367,"column":6},"end":{"line":375,"column":null}},"143":{"start":{"line":379,"column":2},"end":{"line":379,"column":null}},"144":{"start":{"line":395,"column":30},"end":{"line":395,"column":null}},"145":{"start":{"line":398,"column":20},"end":{"line":398,"column":null}},"146":{"start":{"line":400,"column":2},"end":{"line":402,"column":null}},"147":{"start":{"line":401,"column":4},"end":{"line":401,"column":null}},"148":{"start":{"line":405,"column":2},"end":{"line":420,"column":null}},"149":{"start":{"line":407,"column":16},"end":{"line":407,"column":null}},"150":{"start":{"line":408,"column":4},"end":{"line":410,"column":null}},"151":{"start":{"line":409,"column":6},"end":{"line":409,"column":null}},"152":{"start":{"line":412,"column":4},"end":{"line":412,"column":null}},"153":{"start":{"line":412,"column":16},"end":{"line":412,"column":null}},"154":{"start":{"line":415,"column":4},"end":{"line":415,"column":null}},"155":{"start":{"line":415,"column":28},"end":{"line":415,"column":null}},"156":{"start":{"line":418,"column":23},"end":{"line":418,"column":null}},"157":{"start":{"line":419,"column":4},"end":{"line":419,"column":null}},"158":{"start":{"line":422,"column":2},"end":{"line":422,"column":null}},"159":{"start":{"line":439,"column":30},"end":{"line":439,"column":null}},"160":{"start":{"line":442,"column":21},"end":{"line":442,"column":null}},"161":{"start":{"line":443,"column":2},"end":{"line":445,"column":null}},"162":{"start":{"line":444,"column":4},"end":{"line":444,"column":null}},"163":{"start":{"line":447,"column":2},"end":{"line":450,"column":null}},"164":{"start":{"line":448,"column":30},"end":{"line":448,"column":null}},"165":{"start":{"line":449,"column":4},"end":{"line":449,"column":null}},"166":{"start":{"line":453,"column":24},"end":{"line":453,"column":null}},"167":{"start":{"line":456,"column":2},"end":{"line":471,"column":null}},"168":{"start":{"line":458,"column":16},"end":{"line":458,"column":null}},"169":{"start":{"line":459,"column":4},"end":{"line":461,"column":null}},"170":{"start":{"line":460,"column":6},"end":{"line":460,"column":null}},"171":{"start":{"line":463,"column":4},"end":{"line":463,"column":null}},"172":{"start":{"line":463,"column":16},"end":{"line":463,"column":null}},"173":{"start":{"line":466,"column":4},"end":{"line":466,"column":null}},"174":{"start":{"line":466,"column":28},"end":{"line":466,"column":null}},"175":{"start":{"line":469,"column":23},"end":{"line":469,"column":null}},"176":{"start":{"line":470,"column":4},"end":{"line":470,"column":null}},"177":{"start":{"line":473,"column":2},"end":{"line":473,"column":null}},"178":{"start":{"line":489,"column":14},"end":{"line":489,"column":null}},"179":{"start":{"line":491,"column":2},"end":{"line":526,"column":null}},"180":{"start":{"line":493,"column":22},"end":{"line":493,"column":null}},"181":{"start":{"line":494,"column":4},"end":{"line":502,"column":null}},"182":{"start":{"line":495,"column":18},"end":{"line":495,"column":null}},"183":{"start":{"line":496,"column":6},"end":{"line":498,"column":null}},"184":{"start":{"line":497,"column":8},"end":{"line":497,"column":null}},"185":{"start":{"line":499,"column":6},"end":{"line":501,"column":null}},"186":{"start":{"line":500,"column":8},"end":{"line":500,"column":null}},"187":{"start":{"line":507,"column":23},"end":{"line":507,"column":null}},"188":{"start":{"line":508,"column":4},"end":{"line":510,"column":null}},"189":{"start":{"line":509,"column":6},"end":{"line":509,"column":null}},"190":{"start":{"line":511,"column":4},"end":{"line":513,"column":null}},"191":{"start":{"line":512,"column":6},"end":{"line":512,"column":null}},"192":{"start":{"line":516,"column":26},"end":{"line":516,"column":null}},"193":{"start":{"line":517,"column":4},"end":{"line":525,"column":null}},"194":{"start":{"line":518,"column":18},"end":{"line":518,"column":null}},"195":{"start":{"line":519,"column":6},"end":{"line":521,"column":null}},"196":{"start":{"line":520,"column":8},"end":{"line":520,"column":null}},"197":{"start":{"line":522,"column":6},"end":{"line":524,"column":null}},"198":{"start":{"line":523,"column":8},"end":{"line":523,"column":null}},"199":{"start":{"line":528,"column":2},"end":{"line":528,"column":null}}},"fnMap":{"0":{"name":"isQueryBlock","decl":{"start":{"line":33,"column":16},"end":{"line":33,"column":29}},"loc":{"start":{"line":33,"column":72},"end":{"line":48,"column":null}},"line":33},"1":{"name":"(anonymous_1)","decl":{"start":{"line":37,"column":46},"end":{"line":37,"column":51}},"loc":{"start":{"line":37,"column":51},"end":{"line":37,"column":69}},"line":37},"2":{"name":"getQueryResults","decl":{"start":{"line":57,"column":22},"end":{"line":57,"column":38}},"loc":{"start":{"line":57,"column":70},"end":{"line":97,"column":null}},"line":57},"3":{"name":"(anonymous_3)","decl":{"start":{"line":67,"column":46},"end":{"line":67,"column":51}},"loc":{"start":{"line":67,"column":51},"end":{"line":67,"column":69}},"line":67},"4":{"name":"getAllDescendantIds","decl":{"start":{"line":106,"column":22},"end":{"line":106,"column":42}},"loc":{"start":{"line":106,"column":74},"end":{"line":133,"column":null}},"line":106},"5":{"name":"traverse","decl":{"start":{"line":110,"column":17},"end":{"line":110,"column":26}},"loc":{"start":{"line":110,"column":51},"end":{"line":129,"column":null}},"line":110},"6":{"name":"hasCardTag","decl":{"start":{"line":142,"column":16},"end":{"line":142,"column":27}},"loc":{"start":{"line":142,"column":62},"end":{"line":145,"column":null}},"line":142},"7":{"name":"(anonymous_7)","decl":{"start":{"line":144,"column":25},"end":{"line":144,"column":32}},"loc":{"start":{"line":144,"column":32},"end":{"line":144,"column":70}},"line":144},"8":{"name":"extractNonCardTags","decl":{"start":{"line":152,"column":9},"end":{"line":152,"column":28}},"loc":{"start":{"line":152,"column":61},"end":{"line":180,"column":null}},"line":152},"9":{"name":"getTodayMidnight","decl":{"start":{"line":182,"column":9},"end":{"line":182,"column":34}},"loc":{"start":{"line":182,"column":34},"end":{"line":186,"column":null}},"line":182},"10":{"name":"getTomorrowMidnight","decl":{"start":{"line":188,"column":9},"end":{"line":188,"column":37}},"loc":{"start":{"line":188,"column":37},"end":{"line":192,"column":null}},"line":188},"11":{"name":"convertBlockToReviewCards","decl":{"start":{"line":204,"column":22},"end":{"line":204,"column":null}},"loc":{"start":{"line":207,"column":25},"end":{"line":380,"column":null}},"line":207},"12":{"name":"collectCardsFromQueryBlock","decl":{"start":{"line":391,"column":22},"end":{"line":391,"column":null}},"loc":{"start":{"line":394,"column":25},"end":{"line":423,"column":null}},"line":394},"13":{"name":"collectCardsFromChildren","decl":{"start":{"line":435,"column":22},"end":{"line":435,"column":null}},"loc":{"start":{"line":438,"column":25},"end":{"line":474,"column":null}},"line":438},"14":{"name":"estimateCardCount","decl":{"start":{"line":485,"column":22},"end":{"line":485,"column":null}},"loc":{"start":{"line":488,"column":19},"end":{"line":529,"column":null}},"line":488}},"branchMap":{"0":{"loc":{"start":{"line":34,"column":2},"end":{"line":34,"column":null}},"type":"if","locations":[{"start":{"line":34,"column":2},"end":{"line":34,"column":null}},{"start":{},"end":{}}],"line":34},"1":{"loc":{"start":{"line":38,"column":2},"end":{"line":40,"column":null}},"type":"if","locations":[{"start":{"line":38,"column":2},"end":{"line":40,"column":null}},{"start":{},"end":{}}],"line":38},"2":{"loc":{"start":{"line":43,"column":2},"end":{"line":45,"column":null}},"type":"if","locations":[{"start":{"line":43,"column":2},"end":{"line":45,"column":null}},{"start":{},"end":{}}],"line":43},"3":{"loc":{"start":{"line":61,"column":2},"end":{"line":64,"column":null}},"type":"if","locations":[{"start":{"line":61,"column":2},"end":{"line":64,"column":null}},{"start":{},"end":{}}],"line":61},"4":{"loc":{"start":{"line":70,"column":2},"end":{"line":73,"column":null}},"type":"if","locations":[{"start":{"line":70,"column":2},"end":{"line":73,"column":null}},{"start":{},"end":{}}],"line":70},"5":{"loc":{"start":{"line":70,"column":6},"end":{"line":70,"column":38}},"type":"binary-expr","locations":[{"start":{"line":70,"column":6},"end":{"line":70,"column":15}},{"start":{"line":70,"column":15},"end":{"line":70,"column":38}}],"line":70},"6":{"loc":{"start":{"line":75,"column":2},"end":{"line":78,"column":null}},"type":"if","locations":[{"start":{"line":75,"column":2},"end":{"line":78,"column":null}},{"start":{},"end":{}}],"line":75},"7":{"loc":{"start":{"line":86,"column":4},"end":{"line":89,"column":null}},"type":"if","locations":[{"start":{"line":86,"column":4},"end":{"line":89,"column":null}},{"start":{},"end":{}}],"line":86},"8":{"loc":{"start":{"line":86,"column":8},"end":{"line":86,"column":52}},"type":"binary-expr","locations":[{"start":{"line":86,"column":8},"end":{"line":86,"column":25}},{"start":{"line":86,"column":25},"end":{"line":86,"column":52}}],"line":86},"9":{"loc":{"start":{"line":111,"column":4},"end":{"line":111,"column":null}},"type":"if","locations":[{"start":{"line":111,"column":4},"end":{"line":111,"column":null}},{"start":{},"end":{}}],"line":111},"10":{"loc":{"start":{"line":116,"column":4},"end":{"line":118,"column":null}},"type":"if","locations":[{"start":{"line":116,"column":4},"end":{"line":118,"column":null}},{"start":{},"end":{}}],"line":116},"11":{"loc":{"start":{"line":120,"column":4},"end":{"line":122,"column":null}},"type":"if","locations":[{"start":{"line":120,"column":4},"end":{"line":122,"column":null}},{"start":{},"end":{}}],"line":120},"12":{"loc":{"start":{"line":120,"column":8},"end":{"line":120,"column":57}},"type":"binary-expr","locations":[{"start":{"line":120,"column":8},"end":{"line":120,"column":28}},{"start":{"line":120,"column":28},"end":{"line":120,"column":57}}],"line":120},"13":{"loc":{"start":{"line":143,"column":2},"end":{"line":143,"column":null}},"type":"if","locations":[{"start":{"line":143,"column":2},"end":{"line":143,"column":null}},{"start":{},"end":{}}],"line":143},"14":{"loc":{"start":{"line":143,"column":6},"end":{"line":143,"column":47}},"type":"binary-expr","locations":[{"start":{"line":143,"column":6},"end":{"line":143,"column":22}},{"start":{"line":143,"column":22},"end":{"line":143,"column":47}}],"line":143},"15":{"loc":{"start":{"line":144,"column":32},"end":{"line":144,"column":70}},"type":"binary-expr","locations":[{"start":{"line":144,"column":32},"end":{"line":144,"column":50}},{"start":{"line":144,"column":45},"end":{"line":144,"column":70}}],"line":144},"16":{"loc":{"start":{"line":153,"column":15},"end":{"line":153,"column":null}},"type":"binary-expr","locations":[{"start":{"line":153,"column":15},"end":{"line":153,"column":29}},{"start":{"line":153,"column":29},"end":{"line":153,"column":null}}],"line":153},"17":{"loc":{"start":{"line":154,"column":2},"end":{"line":154,"column":null}},"type":"if","locations":[{"start":{"line":154,"column":2},"end":{"line":154,"column":null}},{"start":{},"end":{}}],"line":154},"18":{"loc":{"start":{"line":161,"column":4},"end":{"line":161,"column":null}},"type":"if","locations":[{"start":{"line":161,"column":4},"end":{"line":161,"column":null}},{"start":{},"end":{}}],"line":161},"19":{"loc":{"start":{"line":163,"column":18},"end":{"line":163,"column":35}},"type":"binary-expr","locations":[{"start":{"line":163,"column":18},"end":{"line":163,"column":31}},{"start":{"line":163,"column":31},"end":{"line":163,"column":35}}],"line":163},"20":{"loc":{"start":{"line":164,"column":4},"end":{"line":164,"column":null}},"type":"if","locations":[{"start":{"line":164,"column":4},"end":{"line":164,"column":null}},{"start":{},"end":{}}],"line":164},"21":{"loc":{"start":{"line":168,"column":4},"end":{"line":168,"column":null}},"type":"if","locations":[{"start":{"line":168,"column":4},"end":{"line":168,"column":null}},{"start":{},"end":{}}],"line":168},"22":{"loc":{"start":{"line":168,"column":8},"end":{"line":168,"column":65}},"type":"binary-expr","locations":[{"start":{"line":168,"column":8},"end":{"line":168,"column":33}},{"start":{"line":168,"column":33},"end":{"line":168,"column":65}}],"line":168},"23":{"loc":{"start":{"line":170,"column":4},"end":{"line":170,"column":null}},"type":"if","locations":[{"start":{"line":170,"column":4},"end":{"line":170,"column":null}},{"start":{},"end":{}}],"line":170},"24":{"loc":{"start":{"line":206,"column":2},"end":{"line":206,"column":null}},"type":"default-arg","locations":[{"start":{"line":206,"column":23},"end":{"line":206,"column":null}}],"line":206},"25":{"loc":{"start":{"line":210,"column":2},"end":{"line":212,"column":null}},"type":"if","locations":[{"start":{"line":210,"column":2},"end":{"line":212,"column":null}},{"start":{},"end":{}}],"line":210},"26":{"loc":{"start":{"line":210,"column":6},"end":{"line":210,"column":52}},"type":"binary-expr","locations":[{"start":{"line":210,"column":6},"end":{"line":210,"column":32}},{"start":{"line":210,"column":32},"end":{"line":210,"column":52}}],"line":210},"27":{"loc":{"start":{"line":216,"column":2},"end":{"line":219,"column":null}},"type":"if","locations":[{"start":{"line":216,"column":2},"end":{"line":219,"column":null}},{"start":{},"end":{}}],"line":216},"28":{"loc":{"start":{"line":228,"column":2},"end":{"line":377,"column":null}},"type":"if","locations":[{"start":{"line":228,"column":2},"end":{"line":377,"column":null}},{"start":{"line":254,"column":2},"end":{"line":377,"column":null}}],"line":228},"29":{"loc":{"start":{"line":232,"column":4},"end":{"line":234,"column":null}},"type":"if","locations":[{"start":{"line":232,"column":4},"end":{"line":234,"column":null}},{"start":{},"end":{}}],"line":232},"30":{"loc":{"start":{"line":240,"column":20},"end":{"line":240,"column":null}},"type":"binary-expr","locations":[{"start":{"line":240,"column":20},"end":{"line":240,"column":34}},{"start":{"line":240,"column":34},"end":{"line":240,"column":null}}],"line":240},"31":{"loc":{"start":{"line":247,"column":15},"end":{"line":247,"column":null}},"type":"binary-expr","locations":[{"start":{"line":247,"column":15},"end":{"line":247,"column":41}},{"start":{"line":247,"column":41},"end":{"line":247,"column":null}}],"line":247},"32":{"loc":{"start":{"line":254,"column":2},"end":{"line":377,"column":null}},"type":"if","locations":[{"start":{"line":254,"column":2},"end":{"line":377,"column":null}},{"start":{"line":290,"column":2},"end":{"line":377,"column":null}}],"line":254},"33":{"loc":{"start":{"line":258,"column":4},"end":{"line":260,"column":null}},"type":"if","locations":[{"start":{"line":258,"column":4},"end":{"line":260,"column":null}},{"start":{},"end":{}}],"line":258},"34":{"loc":{"start":{"line":263,"column":4},"end":{"line":265,"column":null}},"type":"if","locations":[{"start":{"line":263,"column":4},"end":{"line":265,"column":null}},{"start":{},"end":{}}],"line":263},"35":{"loc":{"start":{"line":263,"column":8},"end":{"line":263,"column":49}},"type":"binary-expr","locations":[{"start":{"line":263,"column":8},"end":{"line":263,"column":29}},{"start":{"line":263,"column":29},"end":{"line":263,"column":49}}],"line":263},"36":{"loc":{"start":{"line":276,"column":20},"end":{"line":276,"column":null}},"type":"cond-expr","locations":[{"start":{"line":276,"column":40},"end":{"line":276,"column":59}},{"start":{"line":276,"column":59},"end":{"line":276,"column":null}}],"line":276},"37":{"loc":{"start":{"line":277,"column":19},"end":{"line":277,"column":null}},"type":"cond-expr","locations":[{"start":{"line":277,"column":39},"end":{"line":277,"column":59}},{"start":{"line":277,"column":59},"end":{"line":277,"column":null}}],"line":277},"38":{"loc":{"start":{"line":284,"column":15},"end":{"line":284,"column":null}},"type":"binary-expr","locations":[{"start":{"line":284,"column":15},"end":{"line":284,"column":41}},{"start":{"line":284,"column":41},"end":{"line":284,"column":null}}],"line":284},"39":{"loc":{"start":{"line":290,"column":2},"end":{"line":377,"column":null}},"type":"if","locations":[{"start":{"line":290,"column":2},"end":{"line":377,"column":null}},{"start":{"line":304,"column":2},"end":{"line":377,"column":null}}],"line":290},"40":{"loc":{"start":{"line":292,"column":20},"end":{"line":292,"column":null}},"type":"binary-expr","locations":[{"start":{"line":292,"column":20},"end":{"line":292,"column":34}},{"start":{"line":292,"column":34},"end":{"line":292,"column":null}}],"line":292},"41":{"loc":{"start":{"line":300,"column":13},"end":{"line":300,"column":null}},"type":"binary-expr","locations":[{"start":{"line":300,"column":13},"end":{"line":300,"column":39}},{"start":{"line":300,"column":39},"end":{"line":300,"column":null}}],"line":300},"42":{"loc":{"start":{"line":304,"column":2},"end":{"line":377,"column":null}},"type":"if","locations":[{"start":{"line":304,"column":2},"end":{"line":377,"column":null}},{"start":{"line":343,"column":9},"end":{"line":377,"column":null}}],"line":304},"43":{"loc":{"start":{"line":306,"column":21},"end":{"line":306,"column":null}},"type":"binary-expr","locations":[{"start":{"line":306,"column":21},"end":{"line":306,"column":39}},{"start":{"line":306,"column":39},"end":{"line":306,"column":null}}],"line":306},"44":{"loc":{"start":{"line":307,"column":4},"end":{"line":309,"column":null}},"type":"if","locations":[{"start":{"line":307,"column":4},"end":{"line":309,"column":null}},{"start":{},"end":{}}],"line":307},"45":{"loc":{"start":{"line":317,"column":25},"end":{"line":317,"column":null}},"type":"cond-expr","locations":[{"start":{"line":317,"column":35},"end":{"line":317,"column":51}},{"start":{"line":317,"column":51},"end":{"line":317,"column":null}}],"line":317},"46":{"loc":{"start":{"line":319,"column":6},"end":{"line":324,"column":null}},"type":"if","locations":[{"start":{"line":319,"column":6},"end":{"line":324,"column":null}},{"start":{},"end":{}}],"line":319},"47":{"loc":{"start":{"line":327,"column":4},"end":{"line":329,"column":null}},"type":"if","locations":[{"start":{"line":327,"column":4},"end":{"line":329,"column":null}},{"start":{},"end":{}}],"line":327},"48":{"loc":{"start":{"line":327,"column":8},"end":{"line":327,"column":54}},"type":"binary-expr","locations":[{"start":{"line":327,"column":8},"end":{"line":327,"column":22}},{"start":{"line":327,"column":22},"end":{"line":327,"column":37}},{"start":{"line":327,"column":37},"end":{"line":327,"column":54}}],"line":327},"49":{"loc":{"start":{"line":333,"column":13},"end":{"line":333,"column":null}},"type":"binary-expr","locations":[{"start":{"line":333,"column":13},"end":{"line":333,"column":27}},{"start":{"line":333,"column":27},"end":{"line":333,"column":null}}],"line":333},"50":{"loc":{"start":{"line":336,"column":13},"end":{"line":336,"column":null}},"type":"binary-expr","locations":[{"start":{"line":336,"column":13},"end":{"line":336,"column":41}},{"start":{"line":336,"column":41},"end":{"line":336,"column":null}}],"line":336},"51":{"loc":{"start":{"line":346,"column":24},"end":{"line":346,"column":null}},"type":"binary-expr","locations":[{"start":{"line":346,"column":24},"end":{"line":346,"column":42}},{"start":{"line":346,"column":42},"end":{"line":346,"column":null}}],"line":346},"52":{"loc":{"start":{"line":348,"column":4},"end":{"line":376,"column":null}},"type":"if","locations":[{"start":{"line":348,"column":4},"end":{"line":376,"column":null}},{"start":{"line":362,"column":11},"end":{"line":376,"column":null}}],"line":348},"53":{"loc":{"start":{"line":350,"column":22},"end":{"line":350,"column":null}},"type":"binary-expr","locations":[{"start":{"line":350,"column":22},"end":{"line":350,"column":36}},{"start":{"line":350,"column":36},"end":{"line":350,"column":null}}],"line":350},"54":{"loc":{"start":{"line":358,"column":15},"end":{"line":358,"column":null}},"type":"binary-expr","locations":[{"start":{"line":358,"column":15},"end":{"line":358,"column":41}},{"start":{"line":358,"column":41},"end":{"line":358,"column":null}}],"line":358},"55":{"loc":{"start":{"line":372,"column":15},"end":{"line":372,"column":null}},"type":"binary-expr","locations":[{"start":{"line":372,"column":15},"end":{"line":372,"column":41}},{"start":{"line":372,"column":41},"end":{"line":372,"column":null}}],"line":372},"56":{"loc":{"start":{"line":393,"column":2},"end":{"line":393,"column":null}},"type":"default-arg","locations":[{"start":{"line":393,"column":23},"end":{"line":393,"column":null}}],"line":393},"57":{"loc":{"start":{"line":400,"column":2},"end":{"line":402,"column":null}},"type":"if","locations":[{"start":{"line":400,"column":2},"end":{"line":402,"column":null}},{"start":{},"end":{}}],"line":400},"58":{"loc":{"start":{"line":408,"column":4},"end":{"line":410,"column":null}},"type":"if","locations":[{"start":{"line":408,"column":4},"end":{"line":410,"column":null}},{"start":{},"end":{}}],"line":408},"59":{"loc":{"start":{"line":412,"column":4},"end":{"line":412,"column":null}},"type":"if","locations":[{"start":{"line":412,"column":4},"end":{"line":412,"column":null}},{"start":{},"end":{}}],"line":412},"60":{"loc":{"start":{"line":415,"column":4},"end":{"line":415,"column":null}},"type":"if","locations":[{"start":{"line":415,"column":4},"end":{"line":415,"column":null}},{"start":{},"end":{}}],"line":415},"61":{"loc":{"start":{"line":437,"column":2},"end":{"line":437,"column":null}},"type":"default-arg","locations":[{"start":{"line":437,"column":23},"end":{"line":437,"column":null}}],"line":437},"62":{"loc":{"start":{"line":443,"column":2},"end":{"line":445,"column":null}},"type":"if","locations":[{"start":{"line":443,"column":2},"end":{"line":445,"column":null}},{"start":{},"end":{}}],"line":443},"63":{"loc":{"start":{"line":447,"column":2},"end":{"line":450,"column":null}},"type":"if","locations":[{"start":{"line":447,"column":2},"end":{"line":450,"column":null}},{"start":{},"end":{}}],"line":447},"64":{"loc":{"start":{"line":447,"column":6},"end":{"line":447,"column":48}},"type":"binary-expr","locations":[{"start":{"line":447,"column":6},"end":{"line":447,"column":22}},{"start":{"line":447,"column":22},"end":{"line":447,"column":48}}],"line":447},"65":{"loc":{"start":{"line":459,"column":4},"end":{"line":461,"column":null}},"type":"if","locations":[{"start":{"line":459,"column":4},"end":{"line":461,"column":null}},{"start":{},"end":{}}],"line":459},"66":{"loc":{"start":{"line":463,"column":4},"end":{"line":463,"column":null}},"type":"if","locations":[{"start":{"line":463,"column":4},"end":{"line":463,"column":null}},{"start":{},"end":{}}],"line":463},"67":{"loc":{"start":{"line":466,"column":4},"end":{"line":466,"column":null}},"type":"if","locations":[{"start":{"line":466,"column":4},"end":{"line":466,"column":null}},{"start":{},"end":{}}],"line":466},"68":{"loc":{"start":{"line":491,"column":2},"end":{"line":526,"column":null}},"type":"if","locations":[{"start":{"line":491,"column":2},"end":{"line":526,"column":null}},{"start":{"line":503,"column":9},"end":{"line":526,"column":null}}],"line":491},"69":{"loc":{"start":{"line":496,"column":6},"end":{"line":498,"column":null}},"type":"if","locations":[{"start":{"line":496,"column":6},"end":{"line":498,"column":null}},{"start":{},"end":{}}],"line":496},"70":{"loc":{"start":{"line":499,"column":6},"end":{"line":501,"column":null}},"type":"if","locations":[{"start":{"line":499,"column":6},"end":{"line":501,"column":null}},{"start":{},"end":{}}],"line":499},"71":{"loc":{"start":{"line":499,"column":10},"end":{"line":499,"column":38}},"type":"binary-expr","locations":[{"start":{"line":499,"column":10},"end":{"line":499,"column":19}},{"start":{"line":499,"column":19},"end":{"line":499,"column":38}}],"line":499},"72":{"loc":{"start":{"line":508,"column":4},"end":{"line":510,"column":null}},"type":"if","locations":[{"start":{"line":508,"column":4},"end":{"line":510,"column":null}},{"start":{},"end":{}}],"line":508},"73":{"loc":{"start":{"line":511,"column":4},"end":{"line":513,"column":null}},"type":"if","locations":[{"start":{"line":511,"column":4},"end":{"line":513,"column":null}},{"start":{},"end":{}}],"line":511},"74":{"loc":{"start":{"line":511,"column":8},"end":{"line":511,"column":50}},"type":"binary-expr","locations":[{"start":{"line":511,"column":8},"end":{"line":511,"column":24}},{"start":{"line":511,"column":24},"end":{"line":511,"column":50}}],"line":511},"75":{"loc":{"start":{"line":519,"column":6},"end":{"line":521,"column":null}},"type":"if","locations":[{"start":{"line":519,"column":6},"end":{"line":521,"column":null}},{"start":{},"end":{}}],"line":519},"76":{"loc":{"start":{"line":522,"column":6},"end":{"line":524,"column":null}},"type":"if","locations":[{"start":{"line":522,"column":6},"end":{"line":524,"column":null}},{"start":{},"end":{}}],"line":522},"77":{"loc":{"start":{"line":522,"column":10},"end":{"line":522,"column":38}},"type":"binary-expr","locations":[{"start":{"line":522,"column":10},"end":{"line":522,"column":19}},{"start":{"line":522,"column":19},"end":{"line":522,"column":38}}],"line":522}},"s":{"0":2,"1":4,"2":1,"3":3,"4":0,"5":4,"6":0,"7":3,"8":1,"9":2,"10":105,"11":105,"12":1,"13":1,"14":104,"15":104,"16":105,"17":105,"18":0,"19":0,"20":104,"21":0,"22":0,"23":104,"24":104,"25":104,"26":104,"27":15,"28":15,"29":89,"30":89,"31":0,"32":0,"33":104,"34":104,"35":276,"36":0,"37":276,"38":276,"39":276,"40":0,"41":276,"42":176,"43":100,"44":172,"45":172,"46":104,"47":104,"48":462,"49":187,"50":275,"51":275,"52":372,"53":372,"54":0,"55":372,"56":372,"57":372,"58":372,"59":0,"60":372,"61":372,"62":0,"63":372,"64":372,"65":372,"66":0,"67":0,"68":0,"69":0,"70":372,"71":744,"72":744,"73":744,"74":372,"75":372,"76":372,"77":374,"78":374,"79":1,"80":373,"81":373,"82":1,"83":1,"84":372,"85":372,"86":372,"87":372,"88":372,"89":372,"90":0,"91":0,"92":0,"93":0,"94":0,"95":0,"96":0,"97":372,"98":0,"99":0,"100":0,"101":0,"102":0,"103":0,"104":0,"105":0,"106":0,"107":0,"108":0,"109":0,"110":0,"111":372,"112":0,"113":0,"114":0,"115":372,"116":0,"117":0,"118":0,"119":0,"120":0,"121":0,"122":0,"123":0,"124":0,"125":0,"126":0,"127":0,"128":0,"129":0,"130":0,"131":0,"132":0,"133":0,"134":0,"135":372,"136":372,"137":372,"138":372,"139":372,"140":0,"141":0,"142":0,"143":372,"144":102,"145":102,"146":102,"147":15,"148":87,"149":453,"150":453,"151":0,"152":453,"153":0,"154":453,"155":182,"156":271,"157":271,"158":87,"159":2,"160":2,"161":2,"162":0,"163":2,"164":0,"165":0,"166":2,"167":2,"168":2,"169":2,"170":0,"171":2,"172":0,"173":2,"174":1,"175":1,"176":1,"177":2,"178":0,"179":0,"180":0,"181":0,"182":0,"183":0,"184":0,"185":0,"186":0,"187":0,"188":0,"189":0,"190":0,"191":0,"192":0,"193":0,"194":0,"195":0,"196":0,"197":0,"198":0,"199":0},"f":{"0":4,"1":0,"2":105,"3":104,"4":104,"5":276,"6":462,"7":275,"8":372,"9":744,"10":372,"11":374,"12":102,"13":2,"14":0},"b":{"0":[1,3],"1":[0,4],"2":[1,2],"3":[1,104],"4":[0,105],"5":[105,104],"6":[0,104],"7":[15,89],"8":[104,104],"9":[0,276],"10":[0,276],"11":[176,100],"12":[276,276],"13":[187,275],"14":[462,461],"15":[275,275],"16":[372,0],"17":[0,372],"18":[0,372],"19":[372,0],"20":[0,372],"21":[372,0],"22":[372,0],"23":[0,0],"24":[374],"25":[1,373],"26":[374,1],"27":[1,372],"28":[0,372],"29":[0,0],"30":[0,0],"31":[0,0],"32":[0,372],"33":[0,0],"34":[0,0],"35":[0,0],"36":[0,0],"37":[0,0],"38":[0,0],"39":[0,372],"40":[0,0],"41":[0,0],"42":[0,372],"43":[0,0],"44":[0,0],"45":[0,0],"46":[0,0],"47":[0,0],"48":[0,0,0],"49":[0,0],"50":[0,0],"51":[372,372],"52":[372,0],"53":[372,0],"54":[372,0],"55":[0,0],"56":[102],"57":[15,87],"58":[0,453],"59":[0,453],"60":[182,271],"61":[2],"62":[0,2],"63":[0,2],"64":[2,2],"65":[0,2],"66":[0,2],"67":[1,1],"68":[0,0],"69":[0,0],"70":[0,0],"71":[0,0],"72":[0,0],"73":[0,0],"74":[0,0],"75":[0,0],"76":[0,0],"77":[0,0]},"meta":{"lastBranch":78,"lastFunction":15,"lastStatement":200,"seen":{"s:23:20:23:Infinity":0,"f:33:16:33:29":0,"b:34:2:34:Infinity:undefined:undefined:undefined:undefined":0,"s:34:2:34:Infinity":1,"s:34:14:34:Infinity":2,"s:37:23:37:Infinity":3,"f:37:46:37:51":1,"s:37:51:37:69":4,"b:38:2:40:Infinity:undefined:undefined:undefined:undefined":1,"s:38:2:40:Infinity":5,"s:39:4:39:Infinity":6,"b:43:2:45:Infinity:undefined:undefined:undefined:undefined":2,"s:43:2:45:Infinity":7,"s:44:4:44:Infinity":8,"s:47:2:47:Infinity":9,"f:57:22:57:38":2,"s:59:16:59:Infinity":10,"b:61:2:64:Infinity:undefined:undefined:undefined:undefined":3,"s:61:2:64:Infinity":11,"s:62:4:62:Infinity":12,"s:63:4:63:Infinity":13,"s:67:23:67:Infinity":14,"f:67:46:67:51":3,"s:67:51:67:69":15,"s:68:15:68:Infinity":16,"b:70:2:73:Infinity:undefined:undefined:undefined:undefined":4,"s:70:2:73:Infinity":17,"b:70:6:70:15:70:15:70:38":5,"s:71:4:71:Infinity":18,"s:72:4:72:Infinity":19,"b:75:2:78:Infinity:undefined:undefined:undefined:undefined":6,"s:75:2:78:Infinity":20,"s:76:4:76:Infinity":21,"s:77:4:77:Infinity":22,"s:80:2:80:Infinity":23,"s:82:2:96:Infinity":24,"s:84:25:84:Infinity":25,"b:86:4:89:Infinity:undefined:undefined:undefined:undefined":7,"s:86:4:89:Infinity":26,"b:86:8:86:25:86:25:86:52":8,"s:87:6:87:Infinity":27,"s:88:6:88:Infinity":28,"s:91:4:91:Infinity":29,"s:92:4:92:Infinity":30,"s:94:4:94:Infinity":31,"s:95:4:95:Infinity":32,"f:106:22:106:42":4,"s:107:25:107:Infinity":33,"s:108:18:108:Infinity":34,"f:110:17:110:26":5,"b:111:4:111:Infinity:undefined:undefined:undefined:undefined":9,"s:111:4:111:Infinity":35,"s:111:25:111:Infinity":36,"s:112:4:112:Infinity":37,"s:115:16:115:Infinity":38,"b:116:4:118:Infinity:undefined:undefined:undefined:undefined":10,"s:116:4:118:Infinity":39,"s:117:6:117:Infinity":40,"b:120:4:122:Infinity:undefined:undefined:undefined:undefined":11,"s:120:4:122:Infinity":41,"b:120:8:120:28:120:28:120:57":12,"s:121:6:121:Infinity":42,"s:125:4:128:Infinity":43,"s:126:6:126:Infinity":44,"s:127:6:127:Infinity":45,"s:131:2:131:Infinity":46,"s:132:2:132:Infinity":47,"f:142:16:142:27":6,"b:143:2:143:Infinity:undefined:undefined:undefined:undefined":13,"s:143:2:143:Infinity":48,"b:143:6:143:22:143:22:143:47":14,"s:143:47:143:Infinity":49,"s:144:2:144:Infinity":50,"f:144:25:144:32":7,"s:144:32:144:70":51,"b:144:32:144:50:144:45:144:70":15,"f:152:9:152:28":8,"s:153:15:153:Infinity":52,"b:153:15:153:29:153:29:153:Infinity":16,"b:154:2:154:Infinity:undefined:undefined:undefined:undefined":17,"s:154:2:154:Infinity":53,"s:154:25:154:Infinity":54,"s:156:26:156:Infinity":55,"s:157:23:157:Infinity":56,"s:159:2:177:Infinity":57,"b:161:4:161:Infinity:undefined:undefined:undefined:undefined":18,"s:161:4:161:Infinity":58,"s:161:24:161:Infinity":59,"s:163:10:163:Infinity":60,"b:163:18:163:31:163:31:163:35":19,"b:164:4:164:Infinity:undefined:undefined:undefined:undefined":20,"s:164:4:164:Infinity":61,"s:164:15:164:Infinity":62,"s:167:23:167:Infinity":63,"b:168:4:168:Infinity:undefined:undefined:undefined:undefined":21,"s:168:4:168:Infinity":64,"b:168:8:168:33:168:33:168:65":22,"s:168:65:168:Infinity":65,"b:170:4:170:Infinity:undefined:undefined:undefined:undefined":23,"s:170:4:170:Infinity":66,"s:170:34:170:Infinity":67,"s:171:4:171:Infinity":68,"s:173:4:176:Infinity":69,"s:179:2:179:Infinity":70,"f:182:9:182:34":9,"s:183:16:183:Infinity":71,"s:184:2:184:Infinity":72,"s:185:2:185:Infinity":73,"f:188:9:188:37":10,"s:189:19:189:Infinity":74,"s:190:2:190:Infinity":75,"s:191:2:191:Infinity":76,"f:204:22:204:Infinity":11,"b:206:23:206:Infinity":24,"s:208:30:208:Infinity":77,"b:210:2:212:Infinity:undefined:undefined:undefined:undefined":25,"s:210:2:212:Infinity":78,"b:210:6:210:32:210:32:210:52":26,"s:211:4:211:Infinity":79,"s:215:8:215:Infinity":80,"b:216:2:219:Infinity:undefined:undefined:undefined:undefined":27,"s:216:2:219:Infinity":81,"s:217:4:217:Infinity":82,"s:218:4:218:Infinity":83,"s:222:8:222:Infinity":84,"s:223:19:223:Infinity":85,"s:224:18:224:Infinity":86,"s:225:24:225:Infinity":87,"s:226:27:226:Infinity":88,"b:228:2:377:Infinity:254:2:377:Infinity":28,"s:228:2:377:Infinity":89,"s:230:10:230:Infinity":90,"b:232:4:234:Infinity:undefined:undefined:undefined:undefined":29,"s:232:4:234:Infinity":91,"s:233:6:233:Infinity":92,"s:236:4:253:Infinity":93,"s:237:23:237:Infinity":94,"s:240:20:240:Infinity":95,"b:240:20:240:34:240:34:240:Infinity":30,"s:242:6:252:Infinity":96,"b:247:15:247:41:247:41:247:Infinity":31,"b:254:2:377:Infinity:290:2:377:Infinity":32,"s:254:2:377:Infinity":97,"s:256:10:256:Infinity":98,"b:258:4:260:Infinity:undefined:undefined:undefined:undefined":33,"s:258:4:260:Infinity":99,"s:259:6:259:Infinity":100,"b:263:4:265:Infinity:undefined:undefined:undefined:undefined":34,"s:263:4:265:Infinity":101,"b:263:8:263:29:263:29:263:49":35,"s:264:6:264:Infinity":102,"s:268:10:268:Infinity":103,"s:270:4:289:Infinity":104,"s:270:17:270:20":105,"s:271:18:271:Infinity":106,"s:273:23:273:Infinity":107,"s:276:20:276:Infinity":108,"b:276:40:276:59:276:59:276:Infinity":36,"s:277:19:277:Infinity":109,"b:277:39:277:59:277:59:277:Infinity":37,"s:279:6:288:Infinity":110,"b:284:15:284:41:284:41:284:Infinity":38,"b:290:2:377:Infinity:304:2:377:Infinity":39,"s:290:2:377:Infinity":111,"s:292:20:292:Infinity":112,"b:292:20:292:34:292:34:292:Infinity":40,"s:293:21:293:Infinity":113,"s:295:4:303:Infinity":114,"b:300:13:300:39:300:39:300:Infinity":41,"b:304:2:377:Infinity:343:9:377:Infinity":42,"s:304:2:377:Infinity":115,"s:306:21:306:Infinity":116,"b:306:21:306:39:306:39:306:Infinity":43,"b:307:4:309:Infinity:undefined:undefined:undefined:undefined":44,"s:307:4:309:Infinity":117,"s:308:6:308:Infinity":118,"s:311:19:311:Infinity":119,"s:312:33:312:Infinity":120,"s:313:47:313:Infinity":121,"s:315:4:325:Infinity":122,"s:315:17:315:20":123,"s:316:21:316:Infinity":124,"s:317:25:317:Infinity":125,"b:317:35:317:51:317:51:317:Infinity":45,"s:318:23:318:Infinity":126,"b:319:6:324:Infinity:undefined:undefined:undefined:undefined":46,"s:319:6:324:Infinity":127,"s:320:8:320:Infinity":128,"s:321:8:321:Infinity":129,"s:322:8:322:Infinity":130,"s:323:8:323:Infinity":131,"b:327:4:329:Infinity:undefined:undefined:undefined:undefined":47,"s:327:4:329:Infinity":132,"b:327:8:327:22:327:22:327:37:327:37:327:54":48,"s:328:6:328:Infinity":133,"s:331:4:342:Infinity":134,"b:333:13:333:27:333:27:333:Infinity":49,"b:336:13:336:41:336:41:336:Infinity":50,"s:346:24:346:Infinity":135,"b:346:24:346:42:346:42:346:Infinity":51,"b:348:4:376:Infinity:362:11:376:Infinity":52,"s:348:4:376:Infinity":136,"s:350:22:350:Infinity":137,"b:350:22:350:36:350:36:350:Infinity":53,"s:351:23:351:Infinity":138,"s:353:6:361:Infinity":139,"b:358:15:358:41:358:41:358:Infinity":54,"s:364:26:364:Infinity":140,"s:365:23:365:Infinity":141,"s:367:6:375:Infinity":142,"b:372:15:372:41:372:41:372:Infinity":55,"s:379:2:379:Infinity":143,"f:391:22:391:Infinity":12,"b:393:23:393:Infinity":56,"s:395:30:395:Infinity":144,"s:398:20:398:Infinity":145,"b:400:2:402:Infinity:undefined:undefined:undefined:undefined":57,"s:400:2:402:Infinity":146,"s:401:4:401:Infinity":147,"s:405:2:420:Infinity":148,"s:407:16:407:Infinity":149,"b:408:4:410:Infinity:undefined:undefined:undefined:undefined":58,"s:408:4:410:Infinity":150,"s:409:6:409:Infinity":151,"b:412:4:412:Infinity:undefined:undefined:undefined:undefined":59,"s:412:4:412:Infinity":152,"s:412:16:412:Infinity":153,"b:415:4:415:Infinity:undefined:undefined:undefined:undefined":60,"s:415:4:415:Infinity":154,"s:415:28:415:Infinity":155,"s:418:23:418:Infinity":156,"s:419:4:419:Infinity":157,"s:422:2:422:Infinity":158,"f:435:22:435:Infinity":13,"b:437:23:437:Infinity":61,"s:439:30:439:Infinity":159,"s:442:21:442:Infinity":160,"b:443:2:445:Infinity:undefined:undefined:undefined:undefined":62,"s:443:2:445:Infinity":161,"s:444:4:444:Infinity":162,"b:447:2:450:Infinity:undefined:undefined:undefined:undefined":63,"s:447:2:450:Infinity":163,"b:447:6:447:22:447:22:447:48":64,"s:448:30:448:Infinity":164,"s:449:4:449:Infinity":165,"s:453:24:453:Infinity":166,"s:456:2:471:Infinity":167,"s:458:16:458:Infinity":168,"b:459:4:461:Infinity:undefined:undefined:undefined:undefined":65,"s:459:4:461:Infinity":169,"s:460:6:460:Infinity":170,"b:463:4:463:Infinity:undefined:undefined:undefined:undefined":66,"s:463:4:463:Infinity":171,"s:463:16:463:Infinity":172,"b:466:4:466:Infinity:undefined:undefined:undefined:undefined":67,"s:466:4:466:Infinity":173,"s:466:28:466:Infinity":174,"s:469:23:469:Infinity":175,"s:470:4:470:Infinity":176,"s:473:2:473:Infinity":177,"f:485:22:485:Infinity":14,"s:489:14:489:Infinity":178,"b:491:2:526:Infinity:503:9:526:Infinity":68,"s:491:2:526:Infinity":179,"s:493:22:493:Infinity":180,"s:494:4:502:Infinity":181,"s:495:18:495:Infinity":182,"b:496:6:498:Infinity:undefined:undefined:undefined:undefined":69,"s:496:6:498:Infinity":183,"s:497:8:497:Infinity":184,"b:499:6:501:Infinity:undefined:undefined:undefined:undefined":70,"s:499:6:501:Infinity":185,"b:499:10:499:19:499:19:499:38":71,"s:500:8:500:Infinity":186,"s:507:23:507:Infinity":187,"b:508:4:510:Infinity:undefined:undefined:undefined:undefined":72,"s:508:4:510:Infinity":188,"s:509:6:509:Infinity":189,"b:511:4:513:Infinity:undefined:undefined:undefined:undefined":73,"s:511:4:513:Infinity":190,"b:511:8:511:24:511:24:511:50":74,"s:512:6:512:Infinity":191,"s:516:26:516:Infinity":192,"s:517:4:525:Infinity":193,"s:518:18:518:Infinity":194,"b:519:6:521:Infinity:undefined:undefined:undefined:undefined":75,"s:519:6:521:Infinity":195,"s:520:8:520:Infinity":196,"b:522:6:524:Infinity:undefined:undefined:undefined:undefined":76,"s:522:6:524:Infinity":197,"b:522:10:522:19:522:19:522:38":77,"s:523:8:523:Infinity":198,"s:528:2:528:Infinity":199}}}
,"/Users/samdagreat/Documents/vibe coding/orca-srs-plugin/src/srs/blockUtils.ts": {"path":"/Users/samdagreat/Documents/vibe coding/orca-srs-plugin/src/srs/blockUtils.ts","statementMap":{"0":{"start":{"line":21,"column":2},"end":{"line":21,"column":null}},"1":{"start":{"line":21,"column":13},"end":{"line":21,"column":null}},"2":{"start":{"line":22,"column":2},"end":{"line":22,"column":null}},"3":{"start":{"line":31,"column":19},"end":{"line":31,"column":null}},"4":{"start":{"line":32,"column":21},"end":{"line":32,"column":null}},"5":{"start":{"line":32,"column":45},"end":{"line":32,"column":83}},"6":{"start":{"line":33,"column":2},"end":{"line":39,"column":null}},"7":{"start":{"line":39,"column":35},"end":{"line":39,"column":61}},"8":{"start":{"line":49,"column":2},"end":{"line":49,"column":null}},"9":{"start":{"line":49,"column":55},"end":{"line":49,"column":null}},"10":{"start":{"line":50,"column":23},"end":{"line":50,"column":null}},"11":{"start":{"line":51,"column":21},"end":{"line":51,"column":null}},"12":{"start":{"line":52,"column":2},"end":{"line":52,"column":null}},"13":{"start":{"line":61,"column":19},"end":{"line":61,"column":null}},"14":{"start":{"line":62,"column":18},"end":{"line":62,"column":null}},"15":{"start":{"line":63,"column":16},"end":{"line":63,"column":null}},"16":{"start":{"line":64,"column":15},"end":{"line":64,"column":null}},"17":{"start":{"line":65,"column":2},"end":{"line":65,"column":null}},"18":{"start":{"line":77,"column":16},"end":{"line":77,"column":null}},"19":{"start":{"line":78,"column":2},"end":{"line":78,"column":null}},"20":{"start":{"line":78,"column":55},"end":{"line":78,"column":null}},"21":{"start":{"line":80,"column":26},"end":{"line":80,"column":null}},"22":{"start":{"line":81,"column":16},"end":{"line":81,"column":null}},"23":{"start":{"line":83,"column":2},"end":{"line":89,"column":null}},"24":{"start":{"line":83,"column":15},"end":{"line":83,"column":18}},"25":{"start":{"line":84,"column":20},"end":{"line":84,"column":null}},"26":{"start":{"line":85,"column":18},"end":{"line":85,"column":null}},"27":{"start":{"line":86,"column":4},"end":{"line":88,"column":null}},"28":{"start":{"line":87,"column":6},"end":{"line":87,"column":null}},"29":{"start":{"line":91,"column":2},"end":{"line":91,"column":null}}},"fnMap":{"0":{"name":"removeHashTags","decl":{"start":{"line":20,"column":16},"end":{"line":20,"column":31}},"loc":{"start":{"line":20,"column":53},"end":{"line":23,"column":null}},"line":20},"1":{"name":"isSrsCardBlock","decl":{"start":{"line":30,"column":16},"end":{"line":30,"column":31}},"loc":{"start":{"line":30,"column":62},"end":{"line":41,"column":null}},"line":30},"2":{"name":"(anonymous_2)","decl":{"start":{"line":32,"column":38},"end":{"line":32,"column":45}},"loc":{"start":{"line":32,"column":45},"end":{"line":32,"column":83}},"line":32},"3":{"name":"(anonymous_3)","decl":{"start":{"line":39,"column":27},"end":{"line":39,"column":35}},"loc":{"start":{"line":39,"column":35},"end":{"line":39,"column":61}},"line":39},"4":{"name":"getFirstChildText","decl":{"start":{"line":48,"column":16},"end":{"line":48,"column":34}},"loc":{"start":{"line":48,"column":64},"end":{"line":53,"column":null}},"line":48},"5":{"name":"resolveFrontBack","decl":{"start":{"line":60,"column":16},"end":{"line":60,"column":33}},"loc":{"start":{"line":60,"column":88},"end":{"line":66,"column":null}},"line":60},"6":{"name":"getSiblingBlockTexts","decl":{"start":{"line":76,"column":16},"end":{"line":76,"column":37}},"loc":{"start":{"line":76,"column":87},"end":{"line":92,"column":null}},"line":76}},"branchMap":{"0":{"loc":{"start":{"line":21,"column":2},"end":{"line":21,"column":null}},"type":"if","locations":[{"start":{"line":21,"column":2},"end":{"line":21,"column":null}},{"start":{},"end":{}}],"line":21},"1":{"loc":{"start":{"line":32,"column":21},"end":{"line":32,"column":null}},"type":"binary-expr","locations":[{"start":{"line":32,"column":21},"end":{"line":32,"column":88}},{"start":{"line":32,"column":88},"end":{"line":32,"column":null}}],"line":32},"2":{"loc":{"start":{"line":32,"column":45},"end":{"line":32,"column":83}},"type":"binary-expr","locations":[{"start":{"line":32,"column":45},"end":{"line":32,"column":63}},{"start":{"line":32,"column":58},"end":{"line":32,"column":83}}],"line":32},"3":{"loc":{"start":{"line":34,"column":4},"end":{"line":39,"column":null}},"type":"binary-expr","locations":[{"start":{"line":34,"column":4},"end":{"line":34,"column":null}},{"start":{"line":35,"column":4},"end":{"line":35,"column":null}},{"start":{"line":36,"column":4},"end":{"line":36,"column":null}},{"start":{"line":37,"column":4},"end":{"line":37,"column":null}},{"start":{"line":38,"column":4},"end":{"line":38,"column":null}},{"start":{"line":39,"column":4},"end":{"line":39,"column":null}}],"line":34},"4":{"loc":{"start":{"line":49,"column":2},"end":{"line":49,"column":null}},"type":"if","locations":[{"start":{"line":49,"column":2},"end":{"line":49,"column":null}},{"start":{},"end":{}}],"line":49},"5":{"loc":{"start":{"line":49,"column":6},"end":{"line":49,"column":55}},"type":"binary-expr","locations":[{"start":{"line":49,"column":6},"end":{"line":49,"column":26}},{"start":{"line":49,"column":26},"end":{"line":49,"column":55}}],"line":49},"6":{"loc":{"start":{"line":52,"column":9},"end":{"line":52,"column":null}},"type":"binary-expr","locations":[{"start":{"line":52,"column":9},"end":{"line":52,"column":29}},{"start":{"line":52,"column":29},"end":{"line":52,"column":null}}],"line":52},"7":{"loc":{"start":{"line":61,"column":19},"end":{"line":61,"column":null}},"type":"binary-expr","locations":[{"start":{"line":61,"column":19},"end":{"line":61,"column":41}},{"start":{"line":61,"column":41},"end":{"line":61,"column":55}},{"start":{"line":61,"column":55},"end":{"line":61,"column":null}}],"line":61},"8":{"loc":{"start":{"line":62,"column":18},"end":{"line":62,"column":null}},"type":"binary-expr","locations":[{"start":{"line":62,"column":18},"end":{"line":62,"column":39}},{"start":{"line":62,"column":39},"end":{"line":62,"column":null}}],"line":62},"9":{"loc":{"start":{"line":76,"column":54},"end":{"line":76,"column":87}},"type":"default-arg","locations":[{"start":{"line":76,"column":73},"end":{"line":76,"column":87}}],"line":76},"10":{"loc":{"start":{"line":78,"column":2},"end":{"line":78,"column":null}},"type":"if","locations":[{"start":{"line":78,"column":2},"end":{"line":78,"column":null}},{"start":{},"end":{}}],"line":78},"11":{"loc":{"start":{"line":78,"column":6},"end":{"line":78,"column":55}},"type":"binary-expr","locations":[{"start":{"line":78,"column":6},"end":{"line":78,"column":26}},{"start":{"line":78,"column":26},"end":{"
[...]
_2)","decl":{"start":{"line":109,"column":6},"end":{"line":109,"column":17}},"loc":{"start":{"line":109,"column":17},"end":{"line":109,"column":null}},"line":109},"3":{"name":"resetCardTagInitState","decl":{"start":{"line":146,"column":16},"end":{"line":146,"column":46}},"loc":{"start":{"line":146,"column":46},"end":{"line":149,"column":null}},"line":146}},"branchMap":{"0":{"loc":{"start":{"line":85,"column":2},"end":{"line":87,"column":null}},"type":"if","locations":[{"start":{"line":85,"column":2},"end":{"line":87,"column":null}},{"start":{},"end":{}}],"line":85},"1":{"loc":{"start":{"line":90,"column":2},"end":{"line":92,"column":null}},"type":"if","locations":[{"start":{"line":90,"column":2},"end":{"line":92,"column":null}},{"start":{},"end":{}}],"line":90},"2":{"loc":{"start":{"line":100,"column":4},"end":{"line":104,"column":null}},"type":"if","locations":[{"start":{"line":100,"column":4},"end":{"line":104,"column":null}},{"start":{},"end":{}}],"line":100},"3":{"loc":{"start":{"line":107,"column":38},"end":{"line":107,"column":85}},"type":"binary-expr","locations":[{"start":{"line":107,"column":38},"end":{"line":107,"column":83}},{"start":{"line":107,"column":83},"end":{"line":107,"column":85}}],"line":107},"4":{"loc":{"start":{"line":112,"column":4},"end":{"line":116,"column":null}},"type":"if","locations":[{"start":{"line":112,"column":4},"end":{"line":116,"column":null}},{"start":{},"end":{}}],"line":112}},"s":{"0":3,"1":3,"2":3,"3":3,"4":3,"5":3,"6":0,"7":0,"8":0,"9":0,"10":0,"11":0,"12":0,"13":0,"14":0,"15":0,"16":0,"17":0,"18":0,"19":0,"20":0,"21":0,"22":0,"23":0,"24":0,"25":0,"26":0,"27":0,"28":0,"29":0,"30":0,"31":0,"32":0},"f":{"0":0,"1":0,"2":0,"3":0},"b":{"0":[0,0],"1":[0,0],"2":[0,0],"3":[0,0],"4":[0,0]},"meta":{"lastBranch":5,"lastFunction":4,"lastStatement":33,"seen":{"s:22:17:30:Infinity":0,"s:32:25:32:Infinity":1,"s:33:32:33:Infinity":2,"s:44:55:67:Infinity":3,"s:70:25:70:Infinity":4,"s:71:31:71:Infinity":5,"f:83:22:83:46":0,"b:85:2:87:Infinity:undefined:undefined:undefined:undefined":0,"s:85:2:87:Infinity":6,"s:86:4:86:Infinity":7,"b:90:2:92:Infinity:undefined:undefined:undefined:undefined":1,"s:90:2:92:Infinity":8,"s:91:4:91:Infinity":9,"s:94:2:94:Infinity":10,"s:96:2:139:Infinity":11,"s:98:25:98:Infinity":12,"b:100:4:104:Infinity:undefined:undefined:undefined:undefined":2,"s:100:4:104:Infinity":13,"s:102:6:102:Infinity":14,"s:103:6:103:Infinity":15,"s:107:30:107:Infinity":16,"b:107:38:107:83:107:83:107:85":3,"f:107:67:107:72":1,"s:107:72:107:78":17,"s:108:25:110:Infinity":18,"f:109:6:109:17":2,"s:109:17:109:Infinity":19,"b:112:4:116:Infinity:undefined:undefined:undefined:undefined":4,"s:112:4:116:Infinity":20,"s:113:6:113:Infinity":21,"s:114:6:114:Infinity":22,"s:115:6:115:Infinity":23,"s:119:4:130:Infinity":24,"s:120:6:129:Infinity":25,"s:121:8:126:Infinity":26,"s:128:8:128:Infinity":27,"s:132:4:132:Infinity":28,"s:135:4:135:Infinity":29,"s:138:4:138:Infinity":30,"f:146:16:146:46":3,"s:147:2:147:Infinity":31,"s:148:2:148:Infinity":32}}}
,"/Users/samdagreat/Documents/vibe coding/orca-srs-plugin/src/srs/tagUtils.ts": {"path":"/Users/samdagreat/Documents/vibe coding/orca-srs-plugin/src/srs/tagUtils.ts","statementMap":{"0":{"start":{"line":15,"column":2},"end":{"line":15,"column":null}},"1":{"start":{"line":27,"column":2},"end":{"line":27,"column":null}},"2":{"start":{"line":39,"column":2},"end":{"line":39,"column":null}},"3":{"start":{"line":39,"column":14},"end":{"line":39,"column":null}},"4":{"start":{"line":40,"column":16},"end":{"line":40,"column":null}},"5":{"start":{"line":41,"column":2},"end":{"line":41,"column":null}},"6":{"start":{"line":53,"column":2},"end":{"line":53,"column":null}}},"fnMap":{"0":{"name":"isCardTag","decl":{"start":{"line":14,"column":16},"end":{"line":14,"column":26}},"loc":{"start":{"line":14,"column":62},"end":{"line":16,"column":null}},"line":14},"1":{"name":"isChoiceTag","decl":{"start":{"line":26,"column":16},"end":{"line":26,"column":28}},"loc":{"start":{"line":26,"column":64},"end":{"line":28,"column":null}},"line":26},"2":{"name":"isCorrectTag","decl":{"start":{"line":38,"column":16},"end":{"line":38,"column":29}},"loc":{"start":{"line":38,"column":65},"end":{"line":42,"column":null}},"line":38},"3":{"name":"isOrderedTag","decl":{"start":{"line":52,"column":16},"end":{"line":52,"column":29}},"loc":{"start":{"line":52,"column":65},"end":{"line":54,"column":null}},"line":52}},"branchMap":{"0":{"loc":{"start":{"line":39,"column":2},"end":{"line":39,"column":null}},"type":"if","locations":[{"start":{"line":39,"column":2},"end":{"line":39,"column":null}},{"start":{},"end":{}}],"line":39},"1":{"loc":{"start":{"line":41,"column":9},"end":{"line":41,"column":null}},"type":"binary-expr","locations":[{"start":{"line":41,"column":9},"end":{"line":41,"column":32}},{"start":{"line":41,"column":32},"end":{"line":41,"column":null}}],"line":41}},"s":{"0":1782,"1":383,"2":0,"3":0,"4":0,"5":0,"6":0},"f":{"0":1782,"1":383,"2":0,"3":0},"b":{"0":[0,0],"1":[0,0]},"meta":{"lastBranch":2,"lastFunction":4,"lastStatement":7,"seen":{"f:14:16:14:26":0,"s:15:2:15:Infinity":0,"f:26:16:26:28":1,"s:27:2:27:Infinity":1,"f:38:16:38:29":2,"b:39:2:39:Infinity:undefined:undefined:undefined:undefined":0,"s:39:2:39:Infinity":2,"s:39:14:39:Infinity":3,"s:40:16:40:Infinity":4,"s:41:2:41:Infinity":5,"b:41:9:41:32:41:32:41:Infinity":1,"f:52:16:52:29":3,"s:53:2:53:Infinity":6}}}
,"/Users/samdagreat/Documents/vibe coding/orca-srs-plugin/src/srs/topicCardCreator.ts": {"path":"/Users/samdagreat/Documents/vibe coding/orca-srs-plugin/src/srs/topicCardCreator.ts","statementMap":{"0":{"start":{"line":15,"column":32},"end":{"line":15,"column":null}},"1":{"start":{"line":21,"column":2},"end":{"line":24,"column":null}},"2":{"start":{"line":22,"column":4},"end":{"line":22,"column":null}},"3":{"start":{"line":23,"column":4},"end":{"line":23,"column":null}},"4":{"start":{"line":26,"column":18},"end":{"line":26,"column":null}},"5":{"start":{"line":27,"column":16},"end":{"line":27,"column":null}},"6":{"start":{"line":29,"column":2},"end":{"line":32,"column":null}},"7":{"start":{"line":30,"column":4},"end":{"line":30,"column":null}},"8":{"start":{"line":31,"column":4},"end":{"line":31,"column":null}},"9":{"start":{"line":34,"column":21},"end":{"line":34,"column":null}},"10":{"start":{"line":34,"column":45},"end":{"line":34,"column":83}},"11":{"start":{"line":36,"column":2},"end":{"line":72,"column":null}},"12":{"start":{"line":37,"column":4},"end":{"line":67,"column":null}},"13":{"start":{"line":38,"column":6},"end":{"line":49,"column":null}},"14":{"start":{"line":50,"column":6},"end":{"line":50,"column":null}},"15":{"start":{"line":52,"column":22},"end":{"line":52,"column":null}},"16":{"start":{"line":52,"column":46},"end":{"line":52,"column":84}},"17":{"start":{"line":53,"column":6},"end":{"line":66,"column":null}},"18":{"start":{"line":55,"column":28},"end":{"line":55,"column":null}},"19":{"start":{"line":55,"column":55},"end":{"line":55,"column":79}},"20":{"start":{"line":56,"column":61},"end":{"line":56,"column":null}},"21":{"start":{"line":57,"column":8},"end":{"line":59,"column":null}},"22":{"start":{"line":58,"column":10},"end":{"line":58,"column":null}},"23":{"start":{"line":60,"column":8},"end":{"line":65,"column":null}},"24":{"start":{"line":69,"column":4},"end":{"line":69,"column":null}},"25":{"start":{"line":70,"column":4},"end":{"line":70,"column":null}},"26":{"start":{"line":71,"column":4},"end":{"line":71,"column":null}},"27":{"start":{"line":74,"column":2},"end":{"line":80,"column":null}},"28":{"start":{"line":75,"column":4},"end":{"line":75,"column":null}},"29":{"start":{"line":77,"column":4},"end":{"line":77,"column":null}},"30":{"start":{"line":78,"column":4},"end":{"line":78,"column":null}},"31":{"start":{"line":79,"column":4},"end":{"line":79,"column":null}},"32":{"start":{"line":82,"column":2},"end":{"line":82,"column":null}},"33":{"start":{"line":83,"column":2},"end":{"line":83,"column":null}}},"fnMap":{"0":{"name":"createTopicCard","decl":{"start":{"line":17,"column":22},"end":{"line":17,"column":null}},"loc":{"start":{"line":20,"column":37},"end":{"line":84,"column":null}},"line":20},"1":{"name":"(anonymous_1)","decl":{"start":{"line":34,"column":38},"end":{"line":34,"column":45}},"loc":{"start":{"line":34,"column":45},"end":{"line":34,"column":83}},"line":34},"2":{"name":"(anonymous_2)","decl":{"start":{"line":52,"column":39},"end":{"line":52,"column":46}},"loc":{"start":{"line":52,"column":46},"end":{"line":52,"column":84}},"line":52},"3":{"name":"(anonymous_3)","decl":{"start":{"line":55,"column":47},"end":{"line":55,"column":55}},"loc":{"start":{"line":55,"column":55},"end":{"line":55,"column":79}},"line":55}},"branchMap":{"0":{"loc":{"start":{"line":21,"column":2},"end":{"line":24,"column":null}},"type":"if","locations":[{"start":{"line":21,"column":2},"end":{"line":24,"column":null}},{"start":{},"end":{}}],"line":21},"1":{"loc":{"start":{"line":29,"column":2},"end":{"line":32,"column":null}},"type":"if","locations":[{"start":{"line":29,"column":2},"end":{"line":32,"column":null}},{"start":{},"end":{}}],"line":29},"2":{"loc":{"start":{"line":34,"column":45},"end":{"line":34,"column":83}},"type":"binary-expr","locations":[{"start":{"line":34,"column":45},"end":{"line":34,"column":63}},{"start":{"line":34,"column":58},"end":{"line":34,"column":83}}],"line":34},"3":{"loc":{"start":{"line":37,"column":4},"end":{"line":67,"column":null}},"type":"if","locations":[{"start":{"line":37,"column":4},"end":{"line":67,"column":null}},{"start":{"line":51,"column":11},"end":{"line":67,"column":null}}],"line":37},"4":{"loc":{"start":{"line":52,"column":46},"end":{"line":52,"column":84}},"type":"binary-expr","locations":[{"start":{"line":52,"column":46},"end":{"line":52,"column":64}},{"start":{"line":52,"column":59},"end":{"line":52,"column":84}}],"line":52},"5":{"loc":{"start":{"line":53,"column":6},"end":{"line":66,"column":null}},"type":"if","locations":[{"start":{"line":53,"column":6},"end":{"line":66,"column":null}},{"start":{},"end":{}}],"line":53},"6":{"loc":{"start":{"line":55,"column":28},"end":{"line":55,"column":null}},"type":"binary-expr","locations":[{"start":{"line":55,"column":28},"end":{"line":55,"column":84}},{"start":{"line":55,"column":84},"end":{"line":55,"column":null}}],"line":55},"7":{"loc":{"start":{"line":57,"column":8},"end":{"line":59,"column":null}},"type":"if","locations":[{"start":{"line":57,"column":8},"end":{"line":59,"column":null}},{"start":{},"end":{}}],"line":57}},"s":{"0":1,"1":3,"2":1,"3":1,"4":2,"5":2,"6":3,"7":0,"8":0,"9":2,"10":1,"11":3,"12":3,"13":1,"14":1,"15":1,"16":1,"17":1,"18":1,"19":0,"20":1,"21":1,"22":1,"23":1,"24":0,"25":0,"26":0,"27":2,"28":2,"29":0,"30":0,"31":0,"32":2,"33":2},"f":{"0":3,"1":1,"2":1,"3":0},"b":{"0":[1,2],"1":[0,3],"2":[1,1],"3":[1,1],"4":[1,1],"5":[1,0],"6":[1,0],"7":[1,0]},"meta":{"lastBranch":8,"lastFunction":4,"lastStatement":34,"seen":{"s:15:32:15:Infinity":0,"f:17:22:17:Infinity":0,"b:21:2:24:Infinity:undefined:undefined:undefined:undefined":0,"s:21:2:24:Infinity":1,"s:22:4:22:Infinity":2,"s:23:4:23:Infinity":3,"s:26:18:26:Infinity":4,"s:27:16:27:Infinity":5,"b:29:2:32:Infinity:undefined:undefined:undefined:undefined":1,"s:29:2:32:Infinity":6,"s:30:4:30:Infinity":7,"s:31:4:31:Infinity":8,"s:34:21:34:Infinity":9,"f:34:38:34:45":1,"s:34:45:34:83":10,"b:34:45:34:63:34:58:34:83":2,"s:36:2:72:Infinity":11,"b:37:4:67:Infinity:51:11:67:Infinity":3,"s:37:4:67:Infinity":12,"s:38:6:49:Infinity":13,"s:50:6:50:Infinity":14,"s:52:22:52:Infinity":15,"f:52:39:52:46":2,"s:52:46:52:84":16,"b:52:46:52:64:52:59:52:84":4,"b:53:6:66:Infinity:undefined:undefined:undefined:undefined":5,"s:53:6:66:Infinity":17,"s:55:28:55:Infinity":18,"b:55:28:55:84:55:84:55:Infinity":6,"f:55:47:55:55":3,"s:55:55:55:79":19,"s:56:61:56:Infinity":20,"b:57:8:59:Infinity:undefined:undefined:undefined:undefined":7,"s:57:8:59:Infinity":21,"s:58:10:58:Infinity":22,"s:60:8:65:Infinity":23,"s:69:4:69:Infinity":24,"s:70:4:70:Infinity":25,"s:71:4:71:Infinity":26,"s:74:2:80:Infinity":27,"s:75:4:75:Infinity":28,"s:77:4:77:Infinity":29,"s:78:4:78:Infinity":30,"s:79:4:79:Infinity":31,"s:82:2:82:Infinity":32,"s:83:2:83:Infinity":33}}}
,"/Users/samdagreat/Documents/vibe coding/orca-srs-plugin/src/srs/types.ts": {"path":"/Users/samdagreat/Documents/vibe coding/orca-srs-plugin/src/srs/types.ts","statementMap":{"0":{"start":{"line":157,"column":14},"end":{"line":157,"column":null}},"1":{"start":{"line":158,"column":2},"end":{"line":167,"column":null}},"2":{"start":{"line":160,"column":6},"end":{"line":160,"column":null}},"3":{"start":{"line":162,"column":6},"end":{"line":162,"column":null}},"4":{"start":{"line":164,"column":6},"end":{"line":164,"column":null}},"5":{"start":{"line":166,"column":6},"end":{"line":166,"column":null}}},"fnMap":{"0":{"name":"getTimeRangeStartDate","decl":{"start":{"line":156,"column":16},"end":{"line":156,"column":38}},"loc":{"start":{"line":156,"column":62},"end":{"line":168,"column":null}},"line":156}},"branchMap":{"0":{"loc":{"start":{"line":158,"column":2},"end":{"line":167,"column":null}},"type":"switch","locations":[{"start":{"line":159,"column":4},"end":{"line":160,"column":null}},{"start":{"line":161,"column":4},"end":{"line":162,"column":null}},{"start":{"line":163,"column":4},"end":{"line":164,"column":null}},{"start":{"line":165,"column":4},"end":{"line":166,"column":null}}],"line":158}},"s":{"0":0,"1":0,"2":0,"3":0,"4":0,"5":0},"f":{"0":0},"b":{"0":[0,0,0,0]},"meta":{"lastBranch":1,"lastFunction":1,"lastStatement":6,"seen":{"f:156:16:156:38":0,"s:157:14:157:Infinity":0,"b:159:4:160:Infinity:161:4:162:Infinity:163:4:164:Infinity:165:4:166:Infinity":0,"s:158:2:167:Infinity":1,"s:160:6:160:Infinity":2,"s:162:6:162:Infinity":3,"s:164:6:164:Infinity":4,"s:166:6:166:Infinity":5}}}
,"/Users/samdagreat/Documents/vibe coding/orca-srs-plugin/src/srs/settings/reviewSettingsSchema.ts": {"path":"/Users/samdagreat/Documents/vibe coding/orca-srs-plugin/src/srs/settings/reviewSettingsSchema.ts","statementMap":{"0":{"start":{"line":15,"column":36},"end":{"line":15,"column":null}},"1":{"start":{"line":18,"column":41},"end":{"line":18,"column":null}},"2":{"start":{"line":21,"column":44},"end":{"line":21,"column":null}},"3":{"start":{"line":24,"column":41},"end":{"line":24,"column":null}},"4":{"start":{"line":27,"column":40},"end":{"line":27,"column":null}},"5":{"start":{"line":33,"column":36},"end":{"line":70,"column":null}},"6":{"start":{"line":91,"column":19},"end":{"line":91,"column":null}},"7":{"start":{"line":92,"column":2},"end":{"line":99,"column":null}},"8":{"start":{"line":109,"column":2},"end":{"line":119,"column":null}},"9":{"start":{"line":110,"column":20},"end":{"line":110,"column":null}},"10":{"start":{"line":110,"column":51},"end":{"line":110,"column":71}},"11":{"start":{"line":112,"column":4},"end":{"line":115,"column":null}},"12":{"start":{"line":112,"column":72},"end":{"line":112,"column":80}},"13":{"start":{"line":113,"column":6},"end":{"line":113,"column":null}},"14":{"start":{"line":114,"column":6},"end":{"line":114,"column":null}},"15":{"start":{"line":116,"column":4},"end":{"line":116,"column":null}},"16":{"start":{"line":118,"column":4},"end":{"line":118,"column":null}},"17":{"start":{"line":136,"column":19},"end":{"line":136,"column":null}},"18":{"start":{"line":137,"column":2},"end":{"line":139,"column":null}},"19":{"start":{"line":138,"column":4},"end":{"line":138,"column":null}}},"fnMap":{"0":{"name":"getReviewSettings","decl":{"start":{"line":90,"column":16},"end":{"line":90,"column":34}},"loc":{"start":{"line":90,"column":70},"end":{"line":100,"column":null}},"line":90},"1":{"name":"parseFsrsWeights","decl":{"start":{"line":108,"column":16},"end":{"line":108,"column":33}},"loc":{"start":{"line":108,"column":75},"end":{"line":120,"column":null}},"line":108},"2":{"name":"(anonymous_2)","decl":{"start":{"line":110,"column":46},"end":{"line":110,"column":51}},"loc":{"start":{"line":110,"column":51},"end":{"line":110,"column":71}},"line":110},"3":{"name":"(anonymous_3)","decl":{"start":{"line":112,"column":67},"end":{"line":112,"column":72}},"loc":{"start":{"line":112,"column":72},"end":{"line":112,"column":80}},"line":112},"4":{"name":"showNotification","decl":{"start":{"line":130,"column":16},"end":{"line":130,"column":null}},"loc":{"start":{"line":135,"column":8},"end":{"line":140,"column":null}},"line":135}},"branchMap":{"0":{"loc":{"start":{"line":93,"column":26},"end":{"line":93,"column":null}},"type":"binary-expr","locations":[{"start":{"line":93,"column":26},"end":{"line":93,"column":71}},{"start":{"line":93,"column":71},"end":{"line":93,"column":null}}],"line":93},"1":{"loc":{"start":{"line":94,"column":20},"end":{"line":94,"column":null}},"type":"binary-expr","locations":[{"start":{"line":94,"column":20},"end":{"line":94,"column":59}},{"start":{"line":94,"column":59},"end":{"line":94,"column":null}}],"line":94},"2":{"loc":{"start":{"line":95,"column":23},"end":{"line":95,"column":null}},"type":"binary-expr","locations":[{"start":{"line":95,"column":23},"end":{"line":95,"column":65}},{"start":{"line":95,"column":65},"end":{"line":95,"column":null}}],"line":95},"3":{"loc":{"start":{"line":96,"column":17},"end":{"line":96,"column":null}},"type":"binary-expr","locations":[{"start":{"line":96,"column":17},"end":{"line":96,"column":53}},{"start":{"line":96,"column":53},"end":{"line":96,"column":null}}],"line":96},"4":{"loc":{"start":{"line":97,"column":26},"end":{"line":97,"column":null}},"type":"binary-expr","locations":[{"start":{"line":97,"column":26},"end":{"line":97,"column":71}},{"start":{"line":97,"column":71},"end":{"line":97,"column":null}}],"line":97},"5":{"loc":{"start":{"line":98,"column":25},"end":{"line":98,"column":null}},"type":"binary-expr","locations":[{"start":{"line":98,"column":25},"end":{"line":98,"column":69}},{"start":{"line":98,"column":69},"end":{"line":98,"column":null}}],"line":98},"6":{"loc":{"start":{"line":112,"column":4},"end":{"line":115,"column":null}},"type":"if","locations":[{"start":{"line":112,"column":4},"end":{"line":115,"column":null}},{"start":{},"end":{}}],"line":112},"7":{"loc":{"start":{"line":112,"column":8},"end":{"line":112,"column":83}},"type":"binary-expr","locations":[{"start":{"line":112,"column":8},"end":{"line":112,"column":31}},{"start":{"line":112,"column":31},"end":{"line":112,"column":54}},{"start":{"line":112,"column":54},"end":{"line":112,"column":83}}],"line":112},"8":{"loc":{"start":{"line":137,"column":2},"end":{"line":139,"column":null}},"type":"if","locations":[{"start":{"line":137,"column":2},"end":{"line":139,"column":null}},{"start":{},"end":{}}],"line":137}},"s":{"0":3,"1":3,"2":3,"3":3,"4":3,"5":3,"6":0,"7":0,"8":3,"9":3,"10":63,"11":3,"12":63,"13":0,"14":0,"15":3,"16":0,"17":0,"18":0,"19":0},"f":{"0":0,"1":3,"2":63,"3":63,"4":0},"b":{"0":[0,0],"1":[0,0],"2":[0,0],"3":[0,0],"4":[0,0],"5":[0,0],"6":[0,3],"7":[3,3,3],"8":[0,0]},"meta":{"lastBranch":9,"lastFunction":5,"lastStatement":20,"seen":{"s:15:36:15:Infinity":0,"s:18:41:18:Infinity":1,"s:21:44:21:Infinity":2,"s:24:41:24:Infinity":3,"s:27:40:27:Infinity":4,"s:33:36:70:Infinity":5,"f:90:16:90:34":0,"s:91:19:91:Infinity":6,"s:92:2:99:Infinity":7,"b:93:26:93:71:93:71:93:Infinity":0,"b:94:20:94:59:94:59:94:Infinity":1,"b:95:23:95:65:95:65:95:Infinity":2,"b:96:17:96:53:96:53:96:Infinity":3,"b:97:26:97:71:97:71:97:Infinity":4,"b:98:25:98:69:98:69:98:Infinity":5,"f:108:16:108:33":1,"s:109:2:119:Infinity":8,"s:110:20:110:Infinity":9,"f:110:46:110:51":2,"s:110:51:110:71":10,"b:112:4:115:Infinity:undefined:undefined:undefined:undefined":6,"s:112:4:115:Infinity":11,"b:112:8:112:31:112:31:112:54:112:54:112:83":7,"f:112:67:112:72":3,"s:112:72:112:80":12,"s:113:6:113:Infinity":13,"s:114:6:114:Infinity":14,"s:116:4:116:Infinity":15,"s:118:4:118:Infinity":16,"f:130:16:130:Infinity":4,"s:136:19:136:Infinity":17,"b:137:2:139:Infinity:undefined:undefined:undefined:undefined":8,"s:137:2:139:Infinity":18,"s:138:4:138:Infinity":19}}}
}
